<html>

<head>
    <title>Emailable Report - Allure Docker Service</title>
    <meta charset="utf-8">
    <meta name="viewport" content="width=device-width, initial-scale=1">
    <link rel="stylesheet" href="https://stackpath.bootstrapcdn.com/bootswatch/4.3.1/cosmo/bootstrap.css">
    <link rel="shortcut icon" href="/static/favicon">
</head>

<body>
    <div class="container jumbotron">
        <div class="display-4 lead">Emailable Report</div>
        <div class="lead">Allure Docker Service</div>
        <br>
        <ul class="list-group">
            <li class="list-group-item d-flex justify-content-between align-items-center">
                Project ID
                <span class="badge badge-light badge-pill">
                    madduck
                </span>
            </li>
            <li class="list-group-item d-flex justify-content-between align-items-center">
                Server Link
                <span class="badge badge-light badge-pill">
                    <a href="http://localhost:5050/allure-docker-service/latest-report?project_id=madduck" target="_blank">http://localhost:5050/allure-docker-service/latest-report?project_id=madduck</a>
                </span>
            </li>
        </ul>

        
        
            
                
            
        
            
                
            
        
            
                
            
        

        
        
            
            
            
            
            
        
        <br>
        <div class="table-responsive">
            <table class="table table-hover">
                <thead>
                    <tr>
                        <th scope="col" class="table-active text-center">Total</th>
                        <th scope="col" class="table-success text-center">Passed</th>
                        <th scope="col" class="table-danger text-center">Failed</th>
                        <th scope="col" class="table-warning text-center">Broken</th>
                        <th scope="col" class="table-light text-center">Skipped</th>
                        <th scope="col" class="table-dark text-center">Unknown</th>
                    </tr>
                </thead>
                <tbody>
                    <tr>
                        <th scope="col" class="text-center">3</th>
                        <th scope="col" class="text-center">0 (0.00%)</th>
                        <th scope="col" class="text-center">1 (33.33%)</th>
                        <th scope="col" class="text-center">2 (66.67%)</th>
                        <th scope="col" class="text-center">0 (0.00%)</th>
                        <th scope="col" class="text-center">0 (0.00%)</th>
                    </tr>
                </tbody>
            </table>
        </div>

        <hr class="my-4">

        
        
            
                
                
            

        <div
            class="card border-secondary mb-3 border-warning">
            <div class="card-header">
                Runs Cucumber Scenarios
                <span
                    class="badge badge-pill badge-warning">broken</span>
            </div>

            <div class="card-body">
                <!-- CARD TEXT -->
                <p class="card-text">
                    <b>description:</b> 
                    <br>

                    
                    <b>duration:</b> 2.145 s
                    <br>
                    

                    
                    <b>severity:</b> normal
                    <br>
                    

                    

                    
                    <b>package:</b> com.flick.runners.TestRunner
                    <br>
                    

                    

                    
                    <b>testClass:</b> com.flick.runners.TestRunner
                    <br>
                    

                    

                    
                    <b>testMethod:</b> runScenario
                    <br>
                    

                    

                    

                    

                    
                    <b>suite:</b> Cloud iOS Device 2
                    <br>
                    

                    

                    

                    

                    

                    

                    

                    

                    

                    

                    

                    

                    

                    

                    
                    <b>Status Message: </b>
                    Senaryo başlatma hatası
                    
                    <br>
                    
                    <b>Status Trace: </b>
                    java.lang.RuntimeException: Senaryo başlatma hatası
	at stepDefinitions.Hooks.beforeScenario(Hooks.java:33)
Caused by: org.openqa.selenium.SessionNotCreatedException: Could not start a new session. Unable to parse remote response: DeviceBusy 
Host info: host: &#39;192.168.1.13&#39;, ip: &#39;2a02:ff0:220:aa06:c5b2:f93:12af:2997%en0&#39;
	at org.openqa.selenium.remote.ProtocolHandshake.createSession(ProtocolHandshake.java:126)
	at java.base/jdk.internal.reflect.NativeMethodAccessorImpl.invoke0(Native Method)
	at java.base/jdk.internal.reflect.NativeMethodAccessorImpl.invoke(NativeMethodAccessorImpl.java:62)
	at java.base/jdk.internal.reflect.DelegatingMethodAccessorImpl.invoke(DelegatingMethodAccessorImpl.java:43)
	at java.base/java.lang.reflect.Method.invoke(Method.java:566)
	at io.appium.java_client.remote.AppiumProtocolHandshake.createSession(AppiumProtocolHandshake.java:133)
	at io.appium.java_client.remote.AppiumProtocolHandshake.createSession(AppiumProtocolHandshake.java:102)
	at io.appium.java_client.remote.AppiumCommandExecutor.createSession(AppiumCommandExecutor.java:177)
	at io.appium.java_client.remote.AppiumCommandExecutor.execute(AppiumCommandExecutor.java:238)
	at org.openqa.selenium.remote.RemoteWebDriver.execute(RemoteWebDriver.java:607)
	at io.appium.java_client.AppiumDriver.startSession(AppiumDriver.java:268)
	at org.openqa.selenium.remote.RemoteWebDriver.&lt;init&gt;(RemoteWebDriver.java:168)
	at io.appium.java_client.AppiumDriver.&lt;init&gt;(AppiumDriver.java:90)
	at io.appium.java_client.AppiumDriver.&lt;init&gt;(AppiumDriver.java:102)
	at io.appium.java_client.ios.IOSDriver.&lt;init&gt;(IOSDriver.java:102)
	at com.flick.drivers.DriverFactory.initDriver(DriverFactory.java:78)
	at stepDefinitions.Hooks.beforeScenario(Hooks.java:30)
	at java.base/jdk.internal.reflect.NativeMethodAccessorImpl.invoke0(Native Method)
	at java.base/jdk.internal.reflect.NativeMethodAccessorImpl.invoke(NativeMethodAccessorImpl.java:62)
	at java.base/jdk.internal.reflect.DelegatingMethodAccessorImpl.invoke(DelegatingMethodAccessorImpl.java:43)
	at java.base/java.lang.reflect.Method.invoke(Method.java:566)
	at io.cucumber.java.Invoker.doInvoke(Invoker.java:66)
	at io.cucumber.java.Invoker.invoke(Invoker.java:24)
	at io.cucumber.java.AbstractGlueDefinition.invokeMethod(AbstractGlueDefinition.java:47)
	at io.cucumber.java.JavaHookDefinition.execute(JavaHookDefinition.java:64)
	at io.cucumber.core.runner.CoreHookDefinition.execute(CoreHookDefinition.java:46)
	at io.cucumber.core.runner.HookDefinitionMatch.runStep(HookDefinitionMatch.java:21)
	at io.cucumber.core.runner.ExecutionMode$1.execute(ExecutionMode.java:10)
	at io.cucumber.core.runner.TestStep.executeStep(TestStep.java:84)
	at io.cucumber.core.runner.TestStep.run(TestStep.java:56)
	at io.cucumber.core.runner.TestCase.run(TestCase.java:78)
	at io.cucumber.core.runner.Runner.runPickle(Runner.java:75)
	at io.cucumber.testng.TestNGCucumberRunner.lambda$runScenario$1(TestNGCucumberRunner.java:132)
	at io.cucumber.core.runtime.CucumberExecutionContext.lambda$runTestCase$5(CucumberExecutionContext.java:137)
	at io.cucumber.core.runtime.RethrowingThrowableCollector.executeAndThrow(RethrowingThrowableCollector.java:23)
	at io.cucumber.core.runtime.CucumberExecutionContext.runTestCase(CucumberExecutionContext.java:137)
	at io.cucumber.testng.TestNGCucumberRunner.runScenario(TestNGCucumberRunner.java:129)
	at io.cucumber.testng.AbstractTestNGCucumberTests.runScenario(AbstractTestNGCucumberTests.java:35)
	at java.base/jdk.internal.reflect.NativeMethodAccessorImpl.invoke0(Native Method)
	at java.base/jdk.internal.reflect.NativeMethodAccessorImpl.invoke(NativeMethodAccessorImpl.java:62)
	at java.base/jdk.internal.reflect.DelegatingMethodAccessorImpl.invoke(DelegatingMethodAccessorImpl.java:43)
	at java.base/java.lang.reflect.Method.invoke(Method.java:566)
	at org.testng.internal.invokers.MethodInvocationHelper.invokeMethod(MethodInvocationHelper.java:139)
	at org.testng.internal.invokers.TestInvoker.invokeMethod(TestInvoker.java:664)
	at org.testng.internal.invokers.TestInvoker.invokeTestMethod(TestInvoker.java:227)
	at org.testng.internal.invokers.MethodRunner.runInSequence(MethodRunner.java:50)
	at org.testng.internal.invokers.TestInvoker$MethodInvocationAgent.invoke(TestInvoker.java:957)
	at org.testng.internal.invokers.TestInvoker.invokeTestMethods(TestInvoker.java:200)
	at org.testng.internal.invokers.TestMethodWorker.invokeTestMethods(TestMethodWorker.java:148)
	at org.testng.internal.invokers.TestMethodWorker.run(TestMethodWorker.java:128)
	at java.base/java.util.ArrayList.forEach(ArrayList.java:1541)
	at org.testng.TestRunner.privateRun(TestRunner.java:848)
	at org.testng.TestRunner.run(TestRunner.java:621)
	at org.testng.SuiteRunner.runTest(SuiteRunner.java:443)
	at org.testng.SuiteRunner$SuiteWorker.run(SuiteRunner.java:481)
	at org.testng.internal.thread.ThreadUtil.lambda$execute$0(ThreadUtil.java:58)
	at java.base/java.util.concurrent.FutureTask.run(FutureTask.java:264)
	at java.base/java.util.concurrent.ThreadPoolExecutor.runWorker(ThreadPoolExecutor.java:1128)
	at java.base/java.util.concurrent.ThreadPoolExecutor$Worker.run(ThreadPoolExecutor.java:628)
	at java.base/java.lang.Thread.run(Thread.java:834)
Caused by: org.openqa.selenium.json.JsonException: Unable to parse: DeviceBusy
	at org.openqa.selenium.json.Json.toType(Json.java:169)
	at org.openqa.selenium.json.Json.toType(Json.java:152)
	at org.openqa.selenium.remote.ProtocolHandshake.createSession(ProtocolHandshake.java:122)
	... 59 more
Caused by: org.openqa.selenium.json.JsonException: Unable to determine type from: D. Last 1 characters read: D
Build info: version: &#39;4.15.0&#39;, revision: &#39;1d14b5521b&#39;
System info: os.name: &#39;Mac OS X&#39;, os.arch: &#39;x86_64&#39;, os.version: &#39;13.5.2&#39;, java.version: &#39;11.0.15.1&#39;
Driver info: driver.version: IOSDriver
	at org.openqa.selenium.json.JsonInput.peek(JsonInput.java:166)
	at org.openqa.selenium.json.JsonTypeCoercer.lambda$buildCoercer$6(JsonTypeCoercer.java:167)
	at org.openqa.selenium.json.JsonTypeCoercer.coerce(JsonTypeCoercer.java:146)
	at org.openqa.selenium.json.Json.toType(Json.java:206)
	at org.openqa.selenium.json.Json.toType(Json.java:167)
	... 61 more

                    
                </p>

                <!-- TABLE -->
                
            </div>

        </div>
        
            
                
                
            

        <div
            class="card border-secondary mb-3 border-danger">
            <div class="card-header">
                Runs Cucumber Scenarios
                <span
                    class="badge badge-pill badge-danger">failed</span>
            </div>

            <div class="card-body">
                <!-- CARD TEXT -->
                <p class="card-text">
                    <b>description:</b> 
                    <br>

                    
                    <b>duration:</b> 86.238 s
                    <br>
                    

                    
                    <b>severity:</b> normal
                    <br>
                    

                    

                    
                    <b>package:</b> com.flick.runners.TestRunner
                    <br>
                    

                    

                    
                    <b>testClass:</b> com.flick.runners.TestRunner
                    <br>
                    

                    

                    
                    <b>testMethod:</b> runScenario
                    <br>
                    

                    

                    

                    

                    
                    <b>suite:</b> iOS Cloud Single Device
                    <br>
                    

                    

                    

                    

                    

                    

                    

                    

                    

                    

                    

                    

                    

                    

                    
                    <b>Status Message: </b>
                    ❌ Hiçbir element bulunamadı veya tıklanabilir değil. Locators:
- By.xpath: //XCUIElementTypeStaticText[@name=&#39;Delete&#39;]
- AppiumBy.accessibilityId: Remove Button

                    
                    <br>
                    
                    <b>Status Trace: </b>
                    java.lang.AssertionError: ❌ Hiçbir element bulunamadı veya tıklanabilir değil. Locators:
- By.xpath: //XCUIElementTypeStaticText[@name=&#39;Delete&#39;]
- AppiumBy.accessibilityId: Remove Button

	at com.flick.utils.TestUtils.safeClickOneOf(TestUtils.java:413)
	at com.flick.pages.TestFlightPage.removeAppPhones(TestFlightPage.java:71)
	at com.flick.pages.TestFlightPage.clickInstall(TestFlightPage.java:151)
	at stepDefinitions.TestFlightSteps.installApp(TestFlightSteps.java:42)
	at ✽.Install butonuna basılır ve yükleme tamamlanır(file:///Users/hakantektas/mobil-test/src/test/java/features/testFlight.feature:8)

                    
                </p>

                <!-- TABLE -->
                
            </div>

        </div>
        
            
                
                
            

        <div
            class="card border-secondary mb-3 border-warning">
            <div class="card-header">
                Runs Cucumber Scenarios
                <span
                    class="badge badge-pill badge-warning">broken</span>
            </div>

            <div class="card-body">
                <!-- CARD TEXT -->
                <p class="card-text">
                    <b>description:</b> 
                    <br>

                    
                    <b>duration:</b> 105.211 s
                    <br>
                    

                    
                    <b>severity:</b> normal
                    <br>
                    

                    

                    
                    <b>package:</b> com.flick.runners.TestRunner
                    <br>
                    

                    

                    
                    <b>testClass:</b> com.flick.runners.TestRunner
                    <br>
                    

                    

                    
                    <b>testMethod:</b> runScenario
                    <br>
                    

                    

                    

                    

                    
                    <b>suite:</b> Cloud iOS Device 3
                    <br>
                    

                    

                    

                    

                    

                    

                    

                    

                    

                    

                    

                    

                    

                    

                    
                    <b>Status Message: </b>
                    ❌ Element not clickable: By.xpath: //*[contains(@name,&#39;Install&#39;) or contains(@name,&#39;INSTALL&#39;) or contains(@label,&#39;YÜKLE&#39;) or contains(@label,&#39;Yükle&#39;)]
                    
                    <br>
                    
                    <b>Status Trace: </b>
                    java.lang.RuntimeException: ❌ Element not clickable: By.xpath: //*[contains(@name,&#39;Install&#39;) or contains(@name,&#39;INSTALL&#39;) or contains(@label,&#39;YÜKLE&#39;) or contains(@label,&#39;Yükle&#39;)]
	at com.flick.utils.TestUtils.waitAndClick(TestUtils.java:389)
	at com.flick.pages.TestFlightPage.clickInstall(TestFlightPage.java:147)
	at stepDefinitions.TestFlightSteps.installApp(TestFlightSteps.java:41)
	at ✽.Install butonuna basılır ve yükleme tamamlanır(file:///Users/hakantektas/mobil-test/src/test/java/features/testFlight.feature:8)
Caused by: org.openqa.selenium.TimeoutException: Expected condition failed: waiting for element to be clickable: By.xpath: //*[contains(@name,&#39;Install&#39;) or contains(@name,&#39;INSTALL&#39;) or contains(@label,&#39;YÜKLE&#39;) or contains(@label,&#39;Yükle&#39;)] (tried for 90 second(s) with 500 milliseconds interval)
Build info: version: &#39;4.15.0&#39;, revision: &#39;1d14b5521b&#39;
System info: os.name: &#39;Mac OS X&#39;, os.arch: &#39;x86_64&#39;, os.version: &#39;13.5.2&#39;, java.version: &#39;11.0.15.1&#39;
Driver info: io.appium.java_client.ios.IOSDriver
Capabilities {appium:autoAcceptAlerts: true, appium:autoDismissAlerts: true, appium:automationName: XCUITest, appium:bundleId: com.apple.TestFlight, appium:databaseEnabled: false, appium:deviceName: 00008120-00162D9A2ED8201E, appium:fullReset: false, appium:javascriptEnabled: true, appium:language: en, appium:locale: US, appium:locationContextEnabled: false, appium:networkConnectionEnabled: false, appium:noReset: true, appium:platformVersion: 18.0, appium:takesScreenshot: true, appium:udid: 00008120-00162D9A2ED8201E, appium:wdaLocalPort: 8074, appium:webStorageEnabled: false, appium:webkitDebugProxyPort: 8075, momentum:options: {gw: 4033, token: sncR7c22hHt4rSiaFuE2y1El52R..., user: hakan.tektas@mobven.com}, platformName: IOS}
Session ID: 4e949cbb-2e7d-4746-8d13-6334de9eae7c
	at org.openqa.selenium.support.ui.WebDriverWait.timeoutException(WebDriverWait.java:84)
	at org.openqa.selenium.support.ui.FluentWait.until(FluentWait.java:229)
	at com.flick.utils.TestUtils.waitAndClick(TestUtils.java:383)
	at com.flick.pages.TestFlightPage.clickInstall(TestFlightPage.java:147)
	at stepDefinitions.TestFlightSteps.installApp(TestFlightSteps.java:41)
	at java.base/jdk.internal.reflect.NativeMethodAccessorImpl.invoke0(Native Method)
	at java.base/jdk.internal.reflect.NativeMethodAccessorImpl.invoke(NativeMethodAccessorImpl.java:62)
	at java.base/jdk.internal.reflect.DelegatingMethodAccessorImpl.invoke(DelegatingMethodAccessorImpl.java:43)
	at java.base/java.lang.reflect.Method.invoke(Method.java:566)
	at io.cucumber.java.Invoker.doInvoke(Invoker.java:66)
	at io.cucumber.java.Invoker.invoke(Invoker.java:24)
	at io.cucumber.java.AbstractGlueDefinition.invokeMethod(AbstractGlueDefinition.java:47)
	at io.cucumber.java.JavaStepDefinition.execute(JavaStepDefinition.java:29)
	at io.cucumber.core.runner.CoreStepDefinition.execute(CoreStepDefinition.java:66)
	at io.cucumber.core.runner.PickleStepDefinitionMatch.runStep(PickleStepDefinitionMatch.java:63)
	at io.cucumber.core.runner.ExecutionMode$1.execute(ExecutionMode.java:10)
	at io.cucumber.core.runner.TestStep.executeStep(TestStep.java:84)
	at io.cucumber.core.runner.TestStep.run(TestStep.java:56)
	at io.cucumber.core.runner.PickleStepTestStep.run(PickleStepTestStep.java:51)
	at io.cucumber.core.runner.TestCase.run(TestCase.java:84)
	at io.cucumber.core.runner.Runner.runPickle(Runner.java:75)
	at io.cucumber.testng.TestNGCucumberRunner.lambda$runScenario$1(TestNGCucumberRunner.java:132)
	at io.cucumber.core.runtime.CucumberExecutionContext.lambda$runTestCase$5(CucumberExecutionContext.java:137)
	at io.cucumber.core.runtime.RethrowingThrowableCollector.executeAndThrow(RethrowingThrowableCollector.java:23)
	at io.cucumber.core.runtime.CucumberExecutionContext.runTestCase(CucumberExecutionContext.java:137)
	at io.cucumber.testng.TestNGCucumberRunner.runScenario(TestNGCucumberRunner.java:129)
	at io.cucumber.testng.AbstractTestNGCucumberTests.runScenario(AbstractTestNGCucumberTests.java:35)
	at java.base/jdk.internal.reflect.NativeMethodAccessorImpl.invoke0(Native Method)
	at java.base/jdk.internal.reflect.NativeMethodAccessorImpl.invoke(NativeMethodAccessorImpl.java:62)
	at java.base/jdk.internal.reflect.DelegatingMethodAccessorImpl.invoke(DelegatingMethodAccessorImpl.java:43)
	at java.base/java.lang.reflect.Method.invoke(Method.java:566)
	at org.testng.internal.invokers.MethodInvocationHelper.invokeMethod(MethodInvocationHelper.java:139)
	at org.testng.internal.invokers.TestInvoker.invokeMethod(TestInvoker.java:664)
	at org.testng.internal.invokers.TestInvoker.invokeTestMethod(TestInvoker.java:227)
	at org.testng.internal.invokers.MethodRunner.runInSequence(MethodRunner.java:50)
	at org.testng.internal.invokers.TestInvoker$MethodInvocationAgent.invoke(TestInvoker.java:957)
	at org.testng.internal.invokers.TestInvoker.invokeTestMethods(TestInvoker.java:200)
	at org.testng.internal.invokers.TestMethodWorker.invokeTestMethods(TestMethodWorker.java:148)
	at org.testng.internal.invokers.TestMethodWorker.run(TestMethodWorker.java:128)
	at java.base/java.util.ArrayList.forEach(ArrayList.java:1541)
	at org.testng.TestRunner.privateRun(TestRunner.java:848)
	at org.testng.TestRunner.run(TestRunner.java:621)
	at org.testng.SuiteRunner.runTest(SuiteRunner.java:443)
	at org.testng.SuiteRunner$SuiteWorker.run(SuiteRunner.java:481)
	at org.testng.internal.thread.ThreadUtil.lambda$execute$0(ThreadUtil.java:58)
	at java.base/java.util.concurrent.FutureTask.run(FutureTask.java:264)
	at java.base/java.util.concurrent.ThreadPoolExecutor.runWorker(ThreadPoolExecutor.java:1128)
	at java.base/java.util.concurrent.ThreadPoolExecutor$Worker.run(ThreadPoolExecutor.java:628)
	at java.base/java.lang.Thread.run(Thread.java:834)

                    
                </p>

                <!-- TABLE -->
                
            </div>

        </div>
        
    </div>
</body>

</html>