{"uuid":"0fdb7069-791c-4239-9594-1b19a8d3f5fc","name":"All Features Sequential","children":["6b77c8ab-747e-4dfc-84ee-a51519742281","e2f80649-8859-4023-b432-0c20adb68393","d8087b2d-7601-4d00-a0e2-d131e2e6dc77","5c83d5a2-49fa-4fc7-9c5f-fd30dcacfd3a"],"befores":[{"name":"setupPerTest","status":"broken","statusDetails":{"known":false,"muted":false,"flaky":false,"message":"java.lang.ExceptionInInitializerError","trace":"java.lang.ExceptionInInitializerError\n\tat hooks.SuiteHooks.setupPerTest(SuiteHooks.java:26)\n\tat java.base/jdk.internal.reflect.DirectMethodHandleAccessor.invoke(DirectMethodHandleAccessor.java:103)\n\tat java.base/java.lang.reflect.Method.invoke(Method.java:580)\n\tat org.testng.internal.invokers.MethodInvocationHelper.invokeMethod(MethodInvocationHelper.java:139)\n\tat org.testng.internal.invokers.MethodInvocationHelper.invokeMethodConsideringTimeout(MethodInvocationHelper.java:69)\n\tat org.testng.internal.invokers.ConfigInvoker.invokeConfigurationMethod(ConfigInvoker.java:390)\n\tat org.testng.internal.invokers.ConfigInvoker.invokeConfigurations(ConfigInvoker.java:325)\n\tat org.testng.TestRunner.invokeTestConfigurations(TestRunner.java:663)\n\tat org.testng.TestRunner.beforeRun(TestRunner.java:652)\n\tat org.testng.TestRunner.run(TestRunner.java:614)\n\tat org.testng.SuiteRunner.runTest(SuiteRunner.java:443)\n\tat org.testng.SuiteRunner.runSequentially(SuiteRunner.java:437)\n\tat org.testng.SuiteRunner.privateRun(SuiteRunner.java:397)\n\tat org.testng.SuiteRunner.run(SuiteRunner.java:336)\n\tat org.testng.SuiteRunnerWorker.runSuite(SuiteRunnerWorker.java:52)\n\tat org.testng.SuiteRunnerWorker.run(SuiteRunnerWorker.java:95)\n\tat org.testng.TestNG.runSuitesSequentially(TestNG.java:1280)\n\tat org.testng.TestNG.runSuitesLocally(TestNG.java:1200)\n\tat org.testng.TestNG.runSuites(TestNG.java:1114)\n\tat org.testng.TestNG.run(TestNG.java:1082)\n\tat org.apache.maven.surefire.testng.TestNGExecutor.run(TestNGExecutor.java:308)\n\tat org.apache.maven.surefire.testng.TestNGXmlTestSuite.execute(TestNGXmlTestSuite.java:71)\n\tat org.apache.maven.surefire.testng.TestNGProvider.invoke(TestNGProvider.java:113)\n\tat org.apache.maven.surefire.booter.ForkedBooter.runSuitesInProcess(ForkedBooter.java:385)\n\tat org.apache.maven.surefire.booter.ForkedBooter.execute(ForkedBooter.java:162)\n\tat org.apache.maven.surefire.booter.ForkedBooter.run(ForkedBooter.java:507)\n\tat org.apache.maven.surefire.booter.ForkedBooter.main(ForkedBooter.java:495)\nCaused by: java.lang.RuntimeException: environment.json bulunamadı!\n\tat com.flick.config.ConfigManager.<clinit>(ConfigManager.java:19)\n\t... 27 more\n"},"stage":"finished","description":"","steps":[],"attachments":[],"parameters":[],"start":1754255075903,"stop":1754255075937}],"afters":[{"name":"teardownPerTest","status":"broken","statusDetails":{"known":false,"muted":false,"flaky":false,"message":"Could not initialize class com.flick.config.ConfigManager","trace":"java.lang.NoClassDefFoundError: Could not initialize class com.flick.config.ConfigManager\n\tat hooks.SuiteHooks.teardownPerTest(SuiteHooks.java:56)\n\tat java.base/jdk.internal.reflect.DirectMethodHandleAccessor.invoke(DirectMethodHandleAccessor.java:103)\n\tat java.base/java.lang.reflect.Method.invoke(Method.java:580)\n\tat org.testng.internal.invokers.MethodInvocationHelper.invokeMethod(MethodInvocationHelper.java:139)\n\tat org.testng.internal.invokers.MethodInvocationHelper.invokeMethodConsideringTimeout(MethodInvocationHelper.java:69)\n\tat org.testng.internal.invokers.ConfigInvoker.invokeConfigurationMethod(ConfigInvoker.java:390)\n\tat org.testng.internal.invokers.ConfigInvoker.invokeConfigurations(ConfigInvoker.java:325)\n\tat org.testng.TestRunner.invokeTestConfigurations(TestRunner.java:663)\n\tat org.testng.TestRunner.afterRun(TestRunner.java:933)\n\tat org.testng.TestRunner.run(TestRunner.java:624)\n\tat org.testng.SuiteRunner.runTest(SuiteRunner.java:443)\n\tat org.testng.SuiteRunner.runSequentially(SuiteRunner.java:437)\n\tat org.testng.SuiteRunner.privateRun(SuiteRunner.java:397)\n\tat org.testng.SuiteRunner.run(SuiteRunner.java:336)\n\tat org.testng.SuiteRunnerWorker.runSuite(SuiteRunnerWorker.java:52)\n\tat org.testng.SuiteRunnerWorker.run(SuiteRunnerWorker.java:95)\n\tat org.testng.TestNG.runSuitesSequentially(TestNG.java:1280)\n\tat org.testng.TestNG.runSuitesLocally(TestNG.java:1200)\n\tat org.testng.TestNG.runSuites(TestNG.java:1114)\n\tat org.testng.TestNG.run(TestNG.java:1082)\n\tat org.apache.maven.surefire.testng.TestNGExecutor.run(TestNGExecutor.java:308)\n\tat org.apache.maven.surefire.testng.TestNGXmlTestSuite.execute(TestNGXmlTestSuite.java:71)\n\tat org.apache.maven.surefire.testng.TestNGProvider.invoke(TestNGProvider.java:113)\n\tat org.apache.maven.surefire.booter.ForkedBooter.runSuitesInProcess(ForkedBooter.java:385)\n\tat org.apache.maven.surefire.booter.ForkedBooter.execute(ForkedBooter.java:162)\n\tat org.apache.maven.surefire.booter.ForkedBooter.run(ForkedBooter.java:507)\n\tat org.apache.maven.surefire.booter.ForkedBooter.main(ForkedBooter.java:495)\nCaused by: java.lang.ExceptionInInitializerError: Exception java.lang.RuntimeException: environment.json bulunamadı! [in thread \"main\"]\n\tat com.flick.config.ConfigManager.<clinit>(ConfigManager.java:19)\n\tat hooks.SuiteHooks.setupPerTest(SuiteHooks.java:26)\n\tat java.base/jdk.internal.reflect.DirectMethodHandleAccessor.invoke(DirectMethodHandleAccessor.java:103)\n\tat java.base/java.lang.reflect.Method.invoke(Method.java:580)\n\tat org.testng.internal.invokers.MethodInvocationHelper.invokeMethod(MethodInvocationHelper.java:139)\n\tat org.testng.internal.invokers.MethodInvocationHelper.invokeMethodConsideringTimeout(MethodInvocationHelper.java:69)\n\tat org.testng.internal.invokers.ConfigInvoker.invokeConfigurationMethod(ConfigInvoker.java:390)\n\tat org.testng.internal.invokers.ConfigInvoker.invokeConfigurations(ConfigInvoker.java:325)\n\tat org.testng.TestRunner.invokeTestConfigurations(TestRunner.java:663)\n\tat org.testng.TestRunner.beforeRun(TestRunner.java:652)\n\tat org.testng.TestRunner.run(TestRunner.java:614)\n\t... 17 more\n"},"stage":"finished","description":"","steps":[],"attachments":[{"name":"ℹ️ INFO ========== Test Teardown ==========","source":"4bbbadb5-409b-4f34-8025-af2e5a2de676-attachment.txt","type":"text/plain"}],"parameters":[],"start":1754255077060,"stop":1754255077092}],"links":[],"start":1754255075867,"stop":1754255077100}