{"uuid":"118790bb-ee53-47a5-b1b5-24ce01a28e20","name":"All Features Sequential","children":["0b7263e1-bcab-473f-8162-55141599594a","9d40ec1f-98cf-48b9-83b8-ba6501f3eb6f","57f28325-c4d2-41d0-a97f-c77f6c5c6162"],"befores":[{"name":"setupPerTest","status":"passed","stage":"finished","description":"","steps":[],"attachments":[{"name":"ℹ️ INFO ========== Test Setup ==========","source":"b7319f06-b84e-4711-a880-3c3ffcae8b50-attachment.txt","type":"text/plain"},{"name":"ℹ️ INFO Env=cloud Platform=ios AppKey=Playdate DeviceIndex=0","source":"a724e1ed-ee08-4804-84d0-d551376f7a90-attachment.txt","type":"text/plain"},{"name":"ℹ️ INFO Tags=(none)","source":"3fcb56af-02ce-4f17-992b-ba3cacc539f4-attachment.txt","type":"text/plain"},{"name":"ℹ️ INFO ================================","source":"f211edf9-a3cb-4afb-9d8b-8db2de2b7420-attachment.txt","type":"text/plain"}],"parameters":[],"start":1753864665149,"stop":1753864670167}],"afters":[{"name":"teardownPerTest","status":"broken","statusDetails":{"known":false,"muted":false,"flaky":false,"message":"Unable to parse: BadRequest","trace":"org.openqa.selenium.json.JsonException: Unable to parse: BadRequest\n\tat org.openqa.selenium.json.Json.toType(Json.java:169)\n\tat org.openqa.selenium.json.Json.toType(Json.java:152)\n\tat org.openqa.selenium.remote.codec.w3c.W3CHttpResponseCodec.decode(W3CHttpResponseCodec.java:99)\n\tat org.openqa.selenium.remote.codec.w3c.W3CHttpResponseCodec.decode(W3CHttpResponseCodec.java:52)\n\tat org.openqa.selenium.remote.HttpCommandExecutor.execute(HttpCommandExecutor.java:191)\n\tat io.appium.java_client.remote.AppiumCommandExecutor.execute(AppiumCommandExecutor.java:238)\n\tat org.openqa.selenium.remote.RemoteWebDriver.execute(RemoteWebDriver.java:607)\n\tat org.openqa.selenium.remote.RemoteWebDriver.execute(RemoteWebDriver.java:680)\n\tat io.appium.java_client.AppiumDriver.execute(AppiumDriver.java:307)\n\tat org.openqa.selenium.remote.RemoteWebDriver.quit(RemoteWebDriver.java:442)\n\tat com.flick.drivers.DriverFactory.quitDriver(DriverFactory.java:102)\n\tat stepDefinitions.SuiteHooks.teardownPerTest(SuiteHooks.java:54)\n\tat java.base/jdk.internal.reflect.NativeMethodAccessorImpl.invoke0(Native Method)\n\tat java.base/jdk.internal.reflect.NativeMethodAccessorImpl.invoke(NativeMethodAccessorImpl.java:62)\n\tat java.base/jdk.internal.reflect.DelegatingMethodAccessorImpl.invoke(DelegatingMethodAccessorImpl.java:43)\n\tat java.base/java.lang.reflect.Method.invoke(Method.java:566)\n\tat org.testng.internal.invokers.MethodInvocationHelper.invokeMethod(MethodInvocationHelper.java:139)\n\tat org.testng.internal.invokers.MethodInvocationHelper.invokeMethodConsideringTimeout(MethodInvocationHelper.java:69)\n\tat org.testng.internal.invokers.ConfigInvoker.invokeConfigurationMethod(ConfigInvoker.java:390)\n\tat org.testng.internal.invokers.ConfigInvoker.invokeConfigurations(ConfigInvoker.java:325)\n\tat org.testng.TestRunner.invokeTestConfigurations(TestRunner.java:663)\n\tat org.testng.TestRunner.afterRun(TestRunner.java:933)\n\tat org.testng.TestRunner.run(TestRunner.java:624)\n\tat org.testng.SuiteRunner.runTest(SuiteRunner.java:443)\n\tat org.testng.SuiteRunner.runSequentially(SuiteRunner.java:437)\n\tat org.testng.SuiteRunner.privateRun(SuiteRunner.java:397)\n\tat org.testng.SuiteRunner.run(SuiteRunner.java:336)\n\tat org.testng.SuiteRunnerWorker.runSuite(SuiteRunnerWorker.java:52)\n\tat org.testng.SuiteRunnerWorker.run(SuiteRunnerWorker.java:95)\n\tat org.testng.TestNG.runSuitesSequentially(TestNG.java:1280)\n\tat org.testng.TestNG.runSuitesLocally(TestNG.java:1200)\n\tat org.testng.TestNG.runSuites(TestNG.java:1114)\n\tat org.testng.TestNG.run(TestNG.java:1082)\n\tat com.intellij.rt.testng.IDEARemoteTestNG.run(IDEARemoteTestNG.java:66)\n\tat com.intellij.rt.testng.RemoteTestNGStarter.main(RemoteTestNGStarter.java:109)\nCaused by: org.openqa.selenium.json.JsonException: Unable to determine type from: B. Last 1 characters read: B\nBuild info: version: '4.15.0', revision: '1d14b5521b'\nSystem info: os.name: 'Mac OS X', os.arch: 'x86_64', os.version: '13.5.2', java.version: '11.0.15.1'\nDriver info: driver.version: RemoteWebDriver\n\tat org.openqa.selenium.json.JsonInput.peek(JsonInput.java:166)\n\tat org.openqa.selenium.json.JsonTypeCoercer.lambda$buildCoercer$6(JsonTypeCoercer.java:167)\n\tat org.openqa.selenium.json.JsonTypeCoercer.coerce(JsonTypeCoercer.java:146)\n\tat org.openqa.selenium.json.Json.toType(Json.java:206)\n\tat org.openqa.selenium.json.Json.toType(Json.java:167)\n\t... 34 more\n"},"stage":"finished","description":"","steps":[],"attachments":[{"name":"ℹ️ INFO ========== Test Teardown ==========","source":"c7f4a4c0-2572-48c4-b663-3f7888ea105f-attachment.txt","type":"text/plain"}],"parameters":[],"start":1753864684375,"stop":1753864684429}],"links":[],"start":1753864665031,"stop":1753864684441}