{"name":"Runs Cucumber Scenarios","status":"broken","statusDetails":{"known":false,"muted":false,"flaky":false,"message":"❌ Element not clickable: By.xpath: //*[contains(@name,'Install') or contains(@name,'INSTALL') or contains(@label,'YÜKLE') or contains(@label,'Yükle')]","trace":"java.lang.RuntimeException: ❌ Element not clickable: By.xpath: //*[contains(@name,'Install') or contains(@name,'INSTALL') or contains(@label,'YÜKLE') or contains(@label,'Yükle')]\n\tat com.flick.utils.TestUtils.waitAndClick(TestUtils.java:389)\n\tat com.flick.pages.TestFlightPage.clickInstall(TestFlightPage.java:147)\n\tat stepDefinitions.TestFlightSteps.installApp(TestFlightSteps.java:41)\n\tat ✽.Install butonuna basılır ve yükleme tamamlanır(file:///Users/hakantektas/mobil-test/src/test/java/features/testFlight.feature:8)\nCaused by: org.openqa.selenium.TimeoutException: Expected condition failed: waiting for element to be clickable: By.xpath: //*[contains(@name,'Install') or contains(@name,'INSTALL') or contains(@label,'YÜKLE') or contains(@label,'Yükle')] (tried for 90 second(s) with 500 milliseconds interval)\nBuild info: version: '4.15.0', revision: '1d14b5521b'\nSystem info: os.name: 'Mac OS X', os.arch: 'x86_64', os.version: '13.5.2', java.version: '11.0.15.1'\nDriver info: io.appium.java_client.ios.IOSDriver\nCapabilities {appium:autoAcceptAlerts: true, appium:autoDismissAlerts: true, appium:automationName: XCUITest, appium:bundleId: com.apple.TestFlight, appium:databaseEnabled: false, appium:deviceName: 00008120-00162D9A2ED8201E, appium:fullReset: false, appium:javascriptEnabled: true, appium:language: en, appium:locale: US, appium:locationContextEnabled: false, appium:networkConnectionEnabled: false, appium:noReset: true, appium:platformVersion: 18.0, appium:takesScreenshot: true, appium:udid: 00008120-00162D9A2ED8201E, appium:wdaLocalPort: 8074, appium:webStorageEnabled: false, appium:webkitDebugProxyPort: 8075, momentum:options: {gw: 4033, token: sncR7c22hHt4rSiaFuE2y1El52R..., user: hakan.tektas@mobven.com}, platformName: IOS}\nSession ID: 4e949cbb-2e7d-4746-8d13-6334de9eae7c\n\tat org.openqa.selenium.support.ui.WebDriverWait.timeoutException(WebDriverWait.java:84)\n\tat org.openqa.selenium.support.ui.FluentWait.until(FluentWait.java:229)\n\tat com.flick.utils.TestUtils.waitAndClick(TestUtils.java:383)\n\tat com.flick.pages.TestFlightPage.clickInstall(TestFlightPage.java:147)\n\tat stepDefinitions.TestFlightSteps.installApp(TestFlightSteps.java:41)\n\tat java.base/jdk.internal.reflect.NativeMethodAccessorImpl.invoke0(Native Method)\n\tat java.base/jdk.internal.reflect.NativeMethodAccessorImpl.invoke(NativeMethodAccessorImpl.java:62)\n\tat java.base/jdk.internal.reflect.DelegatingMethodAccessorImpl.invoke(DelegatingMethodAccessorImpl.java:43)\n\tat java.base/java.lang.reflect.Method.invoke(Method.java:566)\n\tat io.cucumber.java.Invoker.doInvoke(Invoker.java:66)\n\tat io.cucumber.java.Invoker.invoke(Invoker.java:24)\n\tat io.cucumber.java.AbstractGlueDefinition.invokeMethod(AbstractGlueDefinition.java:47)\n\tat io.cucumber.java.JavaStepDefinition.execute(JavaStepDefinition.java:29)\n\tat io.cucumber.core.runner.CoreStepDefinition.execute(CoreStepDefinition.java:66)\n\tat io.cucumber.core.runner.PickleStepDefinitionMatch.runStep(PickleStepDefinitionMatch.java:63)\n\tat io.cucumber.core.runner.ExecutionMode$1.execute(ExecutionMode.java:10)\n\tat io.cucumber.core.runner.TestStep.executeStep(TestStep.java:84)\n\tat io.cucumber.core.runner.TestStep.run(TestStep.java:56)\n\tat io.cucumber.core.runner.PickleStepTestStep.run(PickleStepTestStep.java:51)\n\tat io.cucumber.core.runner.TestCase.run(TestCase.java:84)\n\tat io.cucumber.core.runner.Runner.runPickle(Runner.java:75)\n\tat io.cucumber.testng.TestNGCucumberRunner.lambda$runScenario$1(TestNGCucumberRunner.java:132)\n\tat io.cucumber.core.runtime.CucumberExecutionContext.lambda$runTestCase$5(CucumberExecutionContext.java:137)\n\tat io.cucumber.core.runtime.RethrowingThrowableCollector.executeAndThrow(RethrowingThrowableCollector.java:23)\n\tat io.cucumber.core.runtime.CucumberExecutionContext.runTestCase(CucumberExecutionContext.java:137)\n\tat io.cucumber.testng.TestNGCucumberRunner.runScenario(TestNGCucumberRunner.java:129)\n\tat io.cucumber.testng.AbstractTestNGCucumberTests.runScenario(AbstractTestNGCucumberTests.java:35)\n\tat java.base/jdk.internal.reflect.NativeMethodAccessorImpl.invoke0(Native Method)\n\tat java.base/jdk.internal.reflect.NativeMethodAccessorImpl.invoke(NativeMethodAccessorImpl.java:62)\n\tat java.base/jdk.internal.reflect.DelegatingMethodAccessorImpl.invoke(DelegatingMethodAccessorImpl.java:43)\n\tat java.base/java.lang.reflect.Method.invoke(Method.java:566)\n\tat org.testng.internal.invokers.MethodInvocationHelper.invokeMethod(MethodInvocationHelper.java:139)\n\tat org.testng.internal.invokers.TestInvoker.invokeMethod(TestInvoker.java:664)\n\tat org.testng.internal.invokers.TestInvoker.invokeTestMethod(TestInvoker.java:227)\n\tat org.testng.internal.invokers.MethodRunner.runInSequence(MethodRunner.java:50)\n\tat org.testng.internal.invokers.TestInvoker$MethodInvocationAgent.invoke(TestInvoker.java:957)\n\tat org.testng.internal.invokers.TestInvoker.invokeTestMethods(TestInvoker.java:200)\n\tat org.testng.internal.invokers.TestMethodWorker.invokeTestMethods(TestMethodWorker.java:148)\n\tat org.testng.internal.invokers.TestMethodWorker.run(TestMethodWorker.java:128)\n\tat java.base/java.util.ArrayList.forEach(ArrayList.java:1541)\n\tat org.testng.TestRunner.privateRun(TestRunner.java:848)\n\tat org.testng.TestRunner.run(TestRunner.java:621)\n\tat org.testng.SuiteRunner.runTest(SuiteRunner.java:443)\n\tat org.testng.SuiteRunner$SuiteWorker.run(SuiteRunner.java:481)\n\tat org.testng.internal.thread.ThreadUtil.lambda$execute$0(ThreadUtil.java:58)\n\tat java.base/java.util.concurrent.FutureTask.run(FutureTask.java:264)\n\tat java.base/java.util.concurrent.ThreadPoolExecutor.runWorker(ThreadPoolExecutor.java:1128)\n\tat java.base/java.util.concurrent.ThreadPoolExecutor$Worker.run(ThreadPoolExecutor.java:628)\n\tat java.base/java.lang.Thread.run(Thread.java:834)\n"},"stage":"finished","steps":[],"attachments":[{"name":"ℹ️ INFO ===== START TEST: TestFlight ile bir uygulamayı indirip aç =====","source":"1dd7ec92-54cb-428e-8543-8f9b83aeeb52-attachment.txt","type":"text/plain"},{"name":"ℹ️ INFO Scenario Başlatıldı: TestFlight ile bir uygulamayı indirip aç","source":"5da6c126-c75d-482c-b3c7-a3e129b017b3-attachment.txt","type":"text/plain"},{"name":"ℹ️ INFO Env: cloud | Platform: ios | Device Index: 2 | AppKey: Sociable","source":"33b7d6f1-a6cb-4e90-88df-35c31d6f7a50-attachment.txt","type":"text/plain"},{"name":"ℹ️ INFO TestFlight açılıyor ve terminate+activate yapılıyor...","source":"c568ec61-56cb-4e0f-9280-c84c0d674fb4-attachment.txt","type":"text/plain"},{"name":"[INFO] openTestFlight","source":"637eb038-11c0-4500-b1dc-0201b3a7c199-attachment"},{"name":"ℹ️ INFO TestFlight içinde uygulama aranıyor: Sociable - Video Chat & Games","source":"ab8e7d45-70d9-4f85-9adb-24f0a2e6d72e-attachment.txt","type":"text/plain"},{"name":"[INFO] ...","source":"81ea5489-830c-4f36-a678-fb46cb9a30df-attachment"},{"name":"ℹ️ INFO ✅ App bulundu ve tıklandı: Sociable - Video Chat & Games","source":"c84082cc-457d-40ee-893e-47af2c44886f-attachment.txt","type":"text/plain"},{"name":"⚠️ WARN Mevcut kurulu uygulama kaldırılıyor (varsa): com.forplay.app","source":"2d4b968e-fe73-4551-853d-83d59c6dfcd0-attachment.txt","type":"text/plain"},{"name":"ℹ️ INFO TestFlight Install akışı başlıyor...","source":"e8c12628-14f8-4f8a-a50a-7fc69ee28f2f-attachment.txt","type":"text/plain"},{"name":"ℹ️ INFO Senaryo Tamamlandı: TestFlight ile bir uygulamayı indirip aç => FAILED","source":"c09e2993-4f9f-4093-bb0f-5ca22f961fb4-attachment.txt","type":"text/plain"},{"name":"ℹ️ INFO ===== END TEST: TestFlight ile bir uygulamayı indirip aç =====","source":"a77df7e1-dbb1-4651-9fa7-b91d48f3da44-attachment.txt","type":"text/plain"}],"parameters":[{"name":"environment","value":"cloud"},{"name":"appKey","value":"Sociable"},{"name":"deviceIndex","value":"2"},{"name":"platform","value":"ios"},{"name":"arg1","value":"\"TestFlight üzerinden uygulama kurulumu ve açılışı\""},{"name":"arg0","value":"\"TestFlight ile bir uygulamayı indirip aç\""}],"start":1753743139813,"stop":1753743245024,"uuid":"aad4fee0-dd4d-4df7-9958-50833590a762","historyId":"eab82c273754ebd47ddd38c81b01f5bb","fullName":"io.cucumber.testng.AbstractTestNGCucumberTests.runScenario","labels":[{"name":"package","value":"com.flick.runners.TestRunner"},{"name":"testClass","value":"com.flick.runners.TestRunner"},{"name":"testMethod","value":"runScenario"},{"name":"parentSuite","value":"Mobile Automation Suite - Cloud iOS Parallel"},{"name":"suite","value":"Cloud iOS Device 3"},{"name":"subSuite","value":"com.flick.runners.TestRunner"},{"name":"host","value":"192.168.1.13"},{"name":"thread","value":"5159@192.168.1.13.TestNG-tests-3(15)"},{"name":"framework","value":"testng"},{"name":"language","value":"java"}],"links":[]}