{"uuid":"bdfab9f9-713b-4caa-8547-efbeb9c9ae7b","name":"All Features Sequential","children":["4fbdb1ad-1a64-4178-a0bc-de58b5c6ad42","4b9b940d-9099-462a-a212-0d24c8135bba","5ea2ba07-69bb-4b96-8103-f49db20fda9f"],"befores":[{"name":"setupPerTest","status":"broken","statusDetails":{"known":false,"muted":false,"flaky":false,"message":"Could not start a new session. Unable to parse remote response: Unauthorized \nHost info: host: 'hakan.local', ip: '2a02:ff0:220:aa06:95ea:955c:bb17:eb99%en0'","trace":"org.openqa.selenium.SessionNotCreatedException: Could not start a new session. Unable to parse remote response: Unauthorized \nHost info: host: 'hakan.local', ip: '2a02:ff0:220:aa06:95ea:955c:bb17:eb99%en0'\n\tat org.openqa.selenium.remote.ProtocolHandshake.createSession(ProtocolHandshake.java:126)\n\tat java.base/jdk.internal.reflect.NativeMethodAccessorImpl.invoke0(Native Method)\n\tat java.base/jdk.internal.reflect.NativeMethodAccessorImpl.invoke(NativeMethodAccessorImpl.java:62)\n\tat java.base/jdk.internal.reflect.DelegatingMethodAccessorImpl.invoke(DelegatingMethodAccessorImpl.java:43)\n\tat java.base/java.lang.reflect.Method.invoke(Method.java:566)\n\tat io.appium.java_client.remote.AppiumProtocolHandshake.createSession(AppiumProtocolHandshake.java:133)\n\tat io.appium.java_client.remote.AppiumProtocolHandshake.createSession(AppiumProtocolHandshake.java:102)\n\tat io.appium.java_client.remote.AppiumCommandExecutor.createSession(AppiumCommandExecutor.java:177)\n\tat io.appium.java_client.remote.AppiumCommandExecutor.execute(AppiumCommandExecutor.java:238)\n\tat org.openqa.selenium.remote.RemoteWebDriver.execute(RemoteWebDriver.java:607)\n\tat io.appium.java_client.AppiumDriver.startSession(AppiumDriver.java:268)\n\tat org.openqa.selenium.remote.RemoteWebDriver.<init>(RemoteWebDriver.java:168)\n\tat io.appium.java_client.AppiumDriver.<init>(AppiumDriver.java:90)\n\tat io.appium.java_client.AppiumDriver.<init>(AppiumDriver.java:102)\n\tat io.appium.java_client.ios.IOSDriver.<init>(IOSDriver.java:102)\n\tat com.flick.drivers.DriverFactory.initDriver(DriverFactory.java:87)\n\tat hooks.SuiteHooks.setupPerTest(SuiteHooks.java:46)\n\tat java.base/jdk.internal.reflect.NativeMethodAccessorImpl.invoke0(Native Method)\n\tat java.base/jdk.internal.reflect.NativeMethodAccessorImpl.invoke(NativeMethodAccessorImpl.java:62)\n\tat java.base/jdk.internal.reflect.DelegatingMethodAccessorImpl.invoke(DelegatingMethodAccessorImpl.java:43)\n\tat java.base/java.lang.reflect.Method.invoke(Method.java:566)\n\tat org.testng.internal.invokers.MethodInvocationHelper.invokeMethod(MethodInvocationHelper.java:139)\n\tat org.testng.internal.invokers.MethodInvocationHelper.invokeMethodConsideringTimeout(MethodInvocationHelper.java:69)\n\tat org.testng.internal.invokers.ConfigInvoker.invokeConfigurationMethod(ConfigInvoker.java:390)\n\tat org.testng.internal.invokers.ConfigInvoker.invokeConfigurations(ConfigInvoker.java:325)\n\tat org.testng.TestRunner.invokeTestConfigurations(TestRunner.java:663)\n\tat org.testng.TestRunner.beforeRun(TestRunner.java:652)\n\tat org.testng.TestRunner.run(TestRunner.java:614)\n\tat org.testng.SuiteRunner.runTest(SuiteRunner.java:443)\n\tat org.testng.SuiteRunner.runSequentially(SuiteRunner.java:437)\n\tat org.testng.SuiteRunner.privateRun(SuiteRunner.java:397)\n\tat org.testng.SuiteRunner.run(SuiteRunner.java:336)\n\tat org.testng.SuiteRunnerWorker.runSuite(SuiteRunnerWorker.java:52)\n\tat org.testng.SuiteRunnerWorker.run(SuiteRunnerWorker.java:95)\n\tat org.testng.TestNG.runSuitesSequentially(TestNG.java:1280)\n\tat org.testng.TestNG.runSuitesLocally(TestNG.java:1200)\n\tat org.testng.TestNG.runSuites(TestNG.java:1114)\n\tat org.testng.TestNG.run(TestNG.java:1082)\n\tat com.intellij.rt.testng.IDEARemoteTestNG.run(IDEARemoteTestNG.java:66)\n\tat com.intellij.rt.testng.RemoteTestNGStarter.main(RemoteTestNGStarter.java:109)\nCaused by: org.openqa.selenium.json.JsonException: Unable to parse: Unauthorized\n\tat org.openqa.selenium.json.Json.toType(Json.java:169)\n\tat org.openqa.selenium.json.Json.toType(Json.java:152)\n\tat org.openqa.selenium.remote.ProtocolHandshake.createSession(ProtocolHandshake.java:122)\n\t... 39 more\nCaused by: org.openqa.selenium.json.JsonException: Unable to determine type from: U. Last 1 characters read: U\nBuild info: version: '4.15.0', revision: '1d14b5521b'\nSystem info: os.name: 'Mac OS X', os.arch: 'x86_64', os.version: '13.5.2', java.version: '11.0.15.1'\nDriver info: driver.version: IOSDriver\n\tat org.openqa.selenium.json.JsonInput.peek(JsonInput.java:166)\n\tat org.openqa.selenium.json.JsonTypeCoercer.lambda$buildCoercer$6(JsonTypeCoercer.java:167)\n\tat org.openqa.selenium.json.JsonTypeCoercer.coerce(JsonTypeCoercer.java:146)\n\tat org.openqa.selenium.json.Json.toType(Json.java:206)\n\tat org.openqa.selenium.json.Json.toType(Json.java:167)\n\t... 41 more\n"},"stage":"finished","description":"","steps":[{"name":"=== Test Environment Setup ===","status":"passed","stage":"finished","steps":[],"attachments":[],"parameters":[],"start":1754255120736,"stop":1754255120737},{"name":"Environment: cloud","status":"passed","stage":"finished","steps":[],"attachments":[],"parameters":[],"start":1754255120737,"stop":1754255120738},{"name":"Platform: ios","status":"passed","stage":"finished","steps":[],"attachments":[],"parameters":[],"start":1754255120738,"stop":1754255120738},{"name":"AppKey: Playdate","status":"passed","stage":"finished","steps":[],"attachments":[],"parameters":[],"start":1754255120738,"stop":1754255120738},{"name":"Device Index: 0","status":"passed","stage":"finished","steps":[],"attachments":[],"parameters":[],"start":1754255120738,"stop":1754255120738}],"attachments":[{"name":"ℹ️ INFO ========== Test Setup ==========","source":"ba6a97fb-6a44-4532-b082-57a48406d843-attachment.txt","type":"text/plain"},{"name":"ℹ️ INFO Env=cloud Platform=ios AppKey=Playdate DeviceIndex=0","source":"5523412f-e633-48db-9591-043fd6d9dffe-attachment.txt","type":"text/plain"},{"name":"ℹ️ INFO Tags=(none)","source":"8a523773-d71e-4185-9afc-80700228183c-attachment.txt","type":"text/plain"},{"name":"ℹ️ INFO ================================","source":"07e9679f-9f2c-4567-8e93-ce8b9b71fd3c-attachment.txt","type":"text/plain"}],"parameters":[],"start":1754255120712,"stop":1754255122408}],"afters":[{"name":"teardownPerTest","status":"passed","stage":"finished","description":"","steps":[{"name":"Test Completed for Device Index: 0","status":"passed","stage":"finished","steps":[],"attachments":[],"parameters":[],"start":1754255123569,"stop":1754255123569}],"attachments":[{"name":"ℹ️ INFO ========== Test Teardown ==========","source":"bdbb47cc-3e61-4ce0-b002-a77dbd98a85a-attachment.txt","type":"text/plain"},{"name":"ℹ️ INFO ===================================","source":"fa67f55e-9103-4024-861d-88b03ab3aa89-attachment.txt","type":"text/plain"}],"parameters":[],"start":1754255123567,"stop":1754255133139}],"links":[],"start":1754255120645,"stop":1754255133142}