{"name":"Runs Cucumber Scenarios","status":"broken","statusDetails":{"known":false,"muted":false,"flaky":false,"message":"openTestFlight failed","trace":"java.lang.RuntimeException: openTestFlight failed\n\tat com.flick.pages.TestFlightPage.openTestFlight(TestFlightPage.java:72)\n\tat stepDefinitions.TestFlightSteps.testflightOpen(TestFlightSteps.java:21)\n\tat ✽.TestFlight açılır ve \"com.apple.TestFlight\" terminate & activate edilir(file:///Users/hakantektas/git_clone/mobil-test/src/test/java/features/01_testFlight.feature:5)\nCaused by: org.openqa.selenium.json.JsonException: Unable to parse: BadRequest\n\tat org.openqa.selenium.json.Json.toType(Json.java:169)\n\tat org.openqa.selenium.json.Json.toType(Json.java:152)\n\tat org.openqa.selenium.remote.codec.w3c.W3CHttpResponseCodec.decode(W3CHttpResponseCodec.java:99)\n\tat org.openqa.selenium.remote.codec.w3c.W3CHttpResponseCodec.decode(W3CHttpResponseCodec.java:52)\n\tat org.openqa.selenium.remote.HttpCommandExecutor.execute(HttpCommandExecutor.java:191)\n\tat io.appium.java_client.remote.AppiumCommandExecutor.execute(AppiumCommandExecutor.java:238)\n\tat org.openqa.selenium.remote.RemoteWebDriver.execute(RemoteWebDriver.java:607)\n\tat org.openqa.selenium.remote.RemoteWebDriver.execute(RemoteWebDriver.java:680)\n\tat io.appium.java_client.AppiumDriver.execute(AppiumDriver.java:302)\n\tat io.appium.java_client.CommandExecutionHelper.execute(CommandExecutionHelper.java:38)\n\tat io.appium.java_client.CommandExecutionHelper.executeScript(CommandExecutionHelper.java:69)\n\tat io.appium.java_client.InteractsWithApps.terminateApp(InteractsWithApps.java:286)\n\tat io.appium.java_client.InteractsWithApps.terminateApp(InteractsWithApps.java:266)\n\tat com.flick.pages.TestFlightPage.openTestFlight(TestFlightPage.java:61)\n\tat stepDefinitions.TestFlightSteps.testflightOpen(TestFlightSteps.java:21)\n\tat java.base/jdk.internal.reflect.NativeMethodAccessorImpl.invoke0(Native Method)\n\tat java.base/jdk.internal.reflect.NativeMethodAccessorImpl.invoke(NativeMethodAccessorImpl.java:62)\n\tat java.base/jdk.internal.reflect.DelegatingMethodAccessorImpl.invoke(DelegatingMethodAccessorImpl.java:43)\n\tat java.base/java.lang.reflect.Method.invoke(Method.java:566)\n\tat io.cucumber.java.Invoker.doInvoke(Invoker.java:66)\n\tat io.cucumber.java.Invoker.invoke(Invoker.java:24)\n\tat io.cucumber.java.AbstractGlueDefinition.invokeMethod(AbstractGlueDefinition.java:47)\n\tat io.cucumber.java.JavaStepDefinition.execute(JavaStepDefinition.java:29)\n\tat io.cucumber.core.runner.CoreStepDefinition.execute(CoreStepDefinition.java:66)\n\tat io.cucumber.core.runner.PickleStepDefinitionMatch.runStep(PickleStepDefinitionMatch.java:63)\n\tat io.cucumber.core.runner.ExecutionMode$1.execute(ExecutionMode.java:10)\n\tat io.cucumber.core.runner.TestStep.executeStep(TestStep.java:84)\n\tat io.cucumber.core.runner.TestStep.run(TestStep.java:56)\n\tat io.cucumber.core.runner.PickleStepTestStep.run(PickleStepTestStep.java:51)\n\tat io.cucumber.core.runner.TestCase.run(TestCase.java:84)\n\tat io.cucumber.core.runner.Runner.runPickle(Runner.java:75)\n\tat io.cucumber.testng.TestNGCucumberRunner.lambda$runScenario$1(TestNGCucumberRunner.java:132)\n\tat io.cucumber.core.runtime.CucumberExecutionContext.lambda$runTestCase$5(CucumberExecutionContext.java:137)\n\tat io.cucumber.core.runtime.RethrowingThrowableCollector.executeAndThrow(RethrowingThrowableCollector.java:23)\n\tat io.cucumber.core.runtime.CucumberExecutionContext.runTestCase(CucumberExecutionContext.java:137)\n\tat io.cucumber.testng.TestNGCucumberRunner.runScenario(TestNGCucumberRunner.java:129)\n\tat io.cucumber.testng.AbstractTestNGCucumberTests.runScenario(AbstractTestNGCucumberTests.java:35)\n\tat java.base/jdk.internal.reflect.NativeMethodAccessorImpl.invoke0(Native Method)\n\tat java.base/jdk.internal.reflect.NativeMethodAccessorImpl.invoke(NativeMethodAccessorImpl.java:62)\n\tat java.base/jdk.internal.reflect.DelegatingMethodAccessorImpl.invoke(DelegatingMethodAccessorImpl.java:43)\n\tat java.base/java.lang.reflect.Method.invoke(Method.java:566)\n\tat org.testng.internal.invokers.MethodInvocationHelper.invokeMethod(MethodInvocationHelper.java:139)\n\tat org.testng.internal.invokers.TestInvoker.invokeMethod(TestInvoker.java:664)\n\tat org.testng.internal.invokers.TestInvoker.invokeTestMethod(TestInvoker.java:227)\n\tat org.testng.internal.invokers.MethodRunner.runInSequence(MethodRunner.java:50)\n\tat org.testng.internal.invokers.TestInvoker$MethodInvocationAgent.invoke(TestInvoker.java:957)\n\tat org.testng.internal.invokers.TestInvoker.invokeTestMethods(TestInvoker.java:200)\n\tat org.testng.internal.invokers.TestMethodWorker.invokeTestMethods(TestMethodWorker.java:148)\n\tat org.testng.internal.invokers.TestMethodWorker.run(TestMethodWorker.java:128)\n\tat java.base/java.util.ArrayList.forEach(ArrayList.java:1541)\n\tat org.testng.TestRunner.privateRun(TestRunner.java:848)\n\tat org.testng.TestRunner.run(TestRunner.java:621)\n\tat org.testng.SuiteRunner.runTest(SuiteRunner.java:443)\n\tat org.testng.SuiteRunner$SuiteWorker.run(SuiteRunner.java:481)\n\tat org.testng.internal.thread.ThreadUtil.lambda$execute$0(ThreadUtil.java:58)\n\tat java.base/java.util.concurrent.FutureTask.run(FutureTask.java:264)\n\tat java.base/java.util.concurrent.ThreadPoolExecutor.runWorker(ThreadPoolExecutor.java:1128)\n\tat java.base/java.util.concurrent.ThreadPoolExecutor$Worker.run(ThreadPoolExecutor.java:628)\n\tat java.base/java.lang.Thread.run(Thread.java:834)\nCaused by: org.openqa.selenium.json.JsonException: Unable to determine type from: B. Last 1 characters read: B\nBuild info: version: '4.15.0', revision: '1d14b5521b'\nSystem info: os.name: 'Mac OS X', os.arch: 'x86_64', os.version: '13.5.2', java.version: '11.0.15.1'\nDriver info: driver.version: AppiumDriver\n\tat org.openqa.selenium.json.JsonInput.peek(JsonInput.java:166)\n\tat org.openqa.selenium.json.JsonTypeCoercer.lambda$buildCoercer$6(JsonTypeCoercer.java:167)\n\tat org.openqa.selenium.json.JsonTypeCoercer.coerce(JsonTypeCoercer.java:146)\n\tat org.openqa.selenium.json.Json.toType(Json.java:206)\n\tat org.openqa.selenium.json.Json.toType(Json.java:167)\n\t... 58 more\n"},"stage":"finished","steps":[],"attachments":[],"parameters":[{"name":"environment","value":"cloud"},{"name":"appKey","value":"Geovision"},{"name":"deviceIndex","value":"4"},{"name":"platform","value":"ios"},{"name":"arg1","value":"\"TestFlight üzerinden uygulama kurulumu ve açılışı\""},{"name":"arg0","value":"\"TestFlight ile bir uygulamayı indirip aç\""}],"start":1754255404216,"stop":1754255409193,"uuid":"c808443f-440f-48f2-a0a5-ab18f9829451","historyId":"578c5ae077f28926d5fcfaf4ba3cb8f7","fullName":"io.cucumber.testng.AbstractTestNGCucumberTests.runScenario","labels":[{"name":"package","value":"com.flick.runners.TestRunner"},{"name":"testClass","value":"com.flick.runners.TestRunner"},{"name":"testMethod","value":"runScenario"},{"name":"parentSuite","value":"Cloud iOS - Parallel"},{"name":"suite","value":"Device-4 - Onboarding"},{"name":"subSuite","value":"com.flick.runners.TestRunner"},{"name":"host","value":"hakan.local"},{"name":"thread","value":"96089@hakan.local.TestNG-tests-5(17)"},{"name":"framework","value":"testng"},{"name":"language","value":"java"}],"links":[]}