{"name":"setupPerTest","status":"broken","statusDetails":{"known":false,"muted":false,"flaky":false,"message":"Could not start a new session. Unable to parse remote response: DeviceBusy \nHost info: host: 'hakan.local', ip: '2a02:ff0:220:aa06:95ea:955c:bb17:eb99%en0'","trace":"org.openqa.selenium.SessionNotCreatedException: Could not start a new session. Unable to parse remote response: DeviceBusy \nHost info: host: 'hakan.local', ip: '2a02:ff0:220:aa06:95ea:955c:bb17:eb99%en0'\n\tat org.openqa.selenium.remote.ProtocolHandshake.createSession(ProtocolHandshake.java:126)\n\tat java.base/jdk.internal.reflect.NativeMethodAccessorImpl.invoke0(Native Method)\n\tat java.base/jdk.internal.reflect.NativeMethodAccessorImpl.invoke(NativeMethodAccessorImpl.java:62)\n\tat java.base/jdk.internal.reflect.DelegatingMethodAccessorImpl.invoke(DelegatingMethodAccessorImpl.java:43)\n\tat java.base/java.lang.reflect.Method.invoke(Method.java:566)\n\tat io.appium.java_client.remote.AppiumProtocolHandshake.createSession(AppiumProtocolHandshake.java:133)\n\tat io.appium.java_client.remote.AppiumProtocolHandshake.createSession(AppiumProtocolHandshake.java:102)\n\tat io.appium.java_client.remote.AppiumCommandExecutor.createSession(AppiumCommandExecutor.java:177)\n\tat io.appium.java_client.remote.AppiumCommandExecutor.execute(AppiumCommandExecutor.java:238)\n\tat org.openqa.selenium.remote.RemoteWebDriver.execute(RemoteWebDriver.java:607)\n\tat io.appium.java_client.AppiumDriver.startSession(AppiumDriver.java:268)\n\tat org.openqa.selenium.remote.RemoteWebDriver.<init>(RemoteWebDriver.java:168)\n\tat io.appium.java_client.AppiumDriver.<init>(AppiumDriver.java:90)\n\tat io.appium.java_client.AppiumDriver.<init>(AppiumDriver.java:102)\n\tat io.appium.java_client.ios.IOSDriver.<init>(IOSDriver.java:102)\n\tat com.flick.drivers.DriverFactory.initDriver(DriverFactory.java:87)\n\tat hooks.SuiteHooks.setupPerTest(SuiteHooks.java:46)\n\tat java.base/jdk.internal.reflect.NativeMethodAccessorImpl.invoke0(Native Method)\n\tat java.base/jdk.internal.reflect.NativeMethodAccessorImpl.invoke(NativeMethodAccessorImpl.java:62)\n\tat java.base/jdk.internal.reflect.DelegatingMethodAccessorImpl.invoke(DelegatingMethodAccessorImpl.java:43)\n\tat java.base/java.lang.reflect.Method.invoke(Method.java:566)\n\tat org.testng.internal.invokers.MethodInvocationHelper.invokeMethod(MethodInvocationHelper.java:139)\n\tat org.testng.internal.invokers.MethodInvocationHelper.invokeMethodConsideringTimeout(MethodInvocationHelper.java:69)\n\tat org.testng.internal.invokers.ConfigInvoker.invokeConfigurationMethod(ConfigInvoker.java:390)\n\tat org.testng.internal.invokers.ConfigInvoker.invokeConfigurations(ConfigInvoker.java:325)\n\tat org.testng.TestRunner.invokeTestConfigurations(TestRunner.java:663)\n\tat org.testng.TestRunner.beforeRun(TestRunner.java:652)\n\tat org.testng.TestRunner.run(TestRunner.java:614)\n\tat org.testng.SuiteRunner.runTest(SuiteRunner.java:443)\n\tat org.testng.SuiteRunner$SuiteWorker.run(SuiteRunner.java:481)\n\tat org.testng.internal.thread.ThreadUtil.lambda$execute$0(ThreadUtil.java:58)\n\tat java.base/java.util.concurrent.FutureTask.run(FutureTask.java:264)\n\tat java.base/java.util.concurrent.ThreadPoolExecutor.runWorker(ThreadPoolExecutor.java:1128)\n\tat java.base/java.util.concurrent.ThreadPoolExecutor$Worker.run(ThreadPoolExecutor.java:628)\n\tat java.base/java.lang.Thread.run(Thread.java:834)\nCaused by: org.openqa.selenium.json.JsonException: Unable to parse: DeviceBusy\n\tat org.openqa.selenium.json.Json.toType(Json.java:169)\n\tat org.openqa.selenium.json.Json.toType(Json.java:152)\n\tat org.openqa.selenium.remote.ProtocolHandshake.createSession(ProtocolHandshake.java:122)\n\t... 34 more\nCaused by: org.openqa.selenium.json.JsonException: Unable to determine type from: D. Last 1 characters read: D\nBuild info: version: '4.15.0', revision: '1d14b5521b'\nSystem info: os.name: 'Mac OS X', os.arch: 'x86_64', os.version: '13.5.2', java.version: '11.0.15.1'\nDriver info: driver.version: IOSDriver\n\tat org.openqa.selenium.json.JsonInput.peek(JsonInput.java:166)\n\tat org.openqa.selenium.json.JsonTypeCoercer.lambda$buildCoercer$6(JsonTypeCoercer.java:167)\n\tat org.openqa.selenium.json.JsonTypeCoercer.coerce(JsonTypeCoercer.java:146)\n\tat org.openqa.selenium.json.Json.toType(Json.java:206)\n\tat org.openqa.selenium.json.Json.toType(Json.java:167)\n\t... 36 more\n"},"stage":"finished","steps":[],"attachments":[],"parameters":[{"name":"environment","value":"cloud"},{"name":"appKey","value":"Geovision"},{"name":"deviceIndex","value":"2"},{"name":"platform","value":"ios"},{"name":"tags","value":""}],"start":1754255337713,"stop":1754255337715,"uuid":"d372a3e8-8093-437a-89bf-5a3a22ffebc1","historyId":"402e7a4cef255f861eeaf1002ab5892e","fullName":"hooks.SuiteHooks.setupPerTest","labels":[{"name":"package","value":"hooks.SuiteHooks"},{"name":"testClass","value":"hooks.SuiteHooks"},{"name":"testMethod","value":"setupPerTest"},{"name":"parentSuite","value":"Cloud iOS - Parallel"},{"name":"suite","value":"Device-2 - TestFlight"},{"name":"subSuite","value":"hooks.SuiteHooks"},{"name":"host","value":"hakan.local"},{"name":"thread","value":"94650@hakan.local.TestNG-tests-3(15)"},{"name":"framework","value":"testng"},{"name":"language","value":"java"},{"name":"AS_ID","value":"-1"}],"links":[]}