{"uuid":"f8c7adba-0f43-4516-855b-0a8df0beb40f","name":"Device-4 - Onboarding","children":["c808443f-440f-48f2-a0a5-ab18f9829451","f9056016-d003-4dda-b318-b24863fd46df","4f268051-5f05-469d-b557-ba72372a9a15"],"befores":[{"name":"setupPerTest","status":"passed","stage":"finished","description":"","steps":[{"name":"=== Test Environment Setup ===","status":"passed","stage":"finished","steps":[],"attachments":[],"parameters":[],"start":1754255398816,"stop":1754255398818},{"name":"Environment: cloud","status":"passed","stage":"finished","steps":[],"attachments":[],"parameters":[],"start":1754255398821,"stop":1754255398821},{"name":"Platform: ios","status":"passed","stage":"finished","steps":[],"attachments":[],"parameters":[],"start":1754255398823,"stop":1754255398823},{"name":"AppKey: Geovision","status":"passed","stage":"finished","steps":[],"attachments":[],"parameters":[],"start":1754255398825,"stop":1754255398825},{"name":"Device Index: 4","status":"passed","stage":"finished","steps":[],"attachments":[],"parameters":[],"start":1754255398829,"stop":1754255398830}],"attachments":[{"name":"ℹ️ INFO ========== Test Setup ==========","source":"13430852-322e-499e-8f3a-3528fea4f3a2-attachment.txt","type":"text/plain"},{"name":"ℹ️ INFO Env=cloud Platform=ios AppKey=Geovision DeviceIndex=4","source":"274a4a17-17a9-4621-beeb-bcd1ae58cbfb-attachment.txt","type":"text/plain"},{"name":"ℹ️ INFO Tags=(none)","source":"381241bd-e133-4c87-a2ac-fd4093ac8fe9-attachment.txt","type":"text/plain"},{"name":"ℹ️ INFO ================================","source":"47f600b6-874b-43f8-8f20-965beedf3539-attachment.txt","type":"text/plain"}],"parameters":[],"start":1754255398772,"stop":1754255402627}],"afters":[{"name":"teardownPerTest","status":"broken","statusDetails":{"known":false,"muted":false,"flaky":false,"message":"Unable to parse: BadRequest","trace":"org.openqa.selenium.json.JsonException: Unable to parse: BadRequest\n\tat org.openqa.selenium.json.Json.toType(Json.java:169)\n\tat org.openqa.selenium.json.Json.toType(Json.java:152)\n\tat org.openqa.selenium.remote.codec.w3c.W3CHttpResponseCodec.decode(W3CHttpResponseCodec.java:99)\n\tat org.openqa.selenium.remote.codec.w3c.W3CHttpResponseCodec.decode(W3CHttpResponseCodec.java:52)\n\tat org.openqa.selenium.remote.HttpCommandExecutor.execute(HttpCommandExecutor.java:191)\n\tat io.appium.java_client.remote.AppiumCommandExecutor.execute(AppiumCommandExecutor.java:238)\n\tat org.openqa.selenium.remote.RemoteWebDriver.execute(RemoteWebDriver.java:607)\n\tat org.openqa.selenium.remote.RemoteWebDriver.execute(RemoteWebDriver.java:680)\n\tat io.appium.java_client.AppiumDriver.execute(AppiumDriver.java:307)\n\tat org.openqa.selenium.remote.RemoteWebDriver.quit(RemoteWebDriver.java:442)\n\tat com.flick.drivers.DriverFactory.quitDriver(DriverFactory.java:102)\n\tat hooks.SuiteHooks.teardownPerTest(SuiteHooks.java:58)\n\tat java.base/jdk.internal.reflect.NativeMethodAccessorImpl.invoke0(Native Method)\n\tat java.base/jdk.internal.reflect.NativeMethodAccessorImpl.invoke(NativeMethodAccessorImpl.java:62)\n\tat java.base/jdk.internal.reflect.DelegatingMethodAccessorImpl.invoke(DelegatingMethodAccessorImpl.java:43)\n\tat java.base/java.lang.reflect.Method.invoke(Method.java:566)\n\tat org.testng.internal.invokers.MethodInvocationHelper.invokeMethod(MethodInvocationHelper.java:139)\n\tat org.testng.internal.invokers.MethodInvocationHelper.invokeMethodConsideringTimeout(MethodInvocationHelper.java:69)\n\tat org.testng.internal.invokers.ConfigInvoker.invokeConfigurationMethod(ConfigInvoker.java:390)\n\tat org.testng.internal.invokers.ConfigInvoker.invokeConfigurations(ConfigInvoker.java:325)\n\tat org.testng.TestRunner.invokeTestConfigurations(TestRunner.java:663)\n\tat org.testng.TestRunner.afterRun(TestRunner.java:933)\n\tat org.testng.TestRunner.run(TestRunner.java:624)\n\tat org.testng.SuiteRunner.runTest(SuiteRunner.java:443)\n\tat org.testng.SuiteRunner$SuiteWorker.run(SuiteRunner.java:481)\n\tat org.testng.internal.thread.ThreadUtil.lambda$execute$0(ThreadUtil.java:58)\n\tat java.base/java.util.concurrent.FutureTask.run(FutureTask.java:264)\n\tat java.base/java.util.concurrent.ThreadPoolExecutor.runWorker(ThreadPoolExecutor.java:1128)\n\tat java.base/java.util.concurrent.ThreadPoolExecutor$Worker.run(ThreadPoolExecutor.java:628)\n\tat java.base/java.lang.Thread.run(Thread.java:834)\nCaused by: org.openqa.selenium.json.JsonException: Unable to determine type from: B. Last 1 characters read: B\nBuild info: version: '4.15.0', revision: '1d14b5521b'\nSystem info: os.name: 'Mac OS X', os.arch: 'x86_64', os.version: '13.5.2', java.version: '11.0.15.1'\nDriver info: driver.version: RemoteWebDriver\n\tat org.openqa.selenium.json.JsonInput.peek(JsonInput.java:166)\n\tat org.openqa.selenium.json.JsonTypeCoercer.lambda$buildCoercer$6(JsonTypeCoercer.java:167)\n\tat org.openqa.selenium.json.JsonTypeCoercer.coerce(JsonTypeCoercer.java:146)\n\tat org.openqa.selenium.json.Json.toType(Json.java:206)\n\tat org.openqa.selenium.json.Json.toType(Json.java:167)\n\t... 29 more\n"},"stage":"finished","description":"","steps":[{"name":"Test Completed for Device Index: 4","status":"passed","stage":"finished","steps":[],"attachments":[],"parameters":[],"start":1754255417155,"stop":1754255417155}],"attachments":[{"name":"ℹ️ INFO ========== Test Teardown ==========","source":"2f3ec809-2f76-419f-b1e9-add4611a909c-attachment.txt","type":"text/plain"}],"parameters":[],"start":1754255417151,"stop":1754255417234}],"links":[],"start":1754255398566,"stop":1754255417247}