{"name":"Runs Cucumber Scenarios","status":"broken","statusDetails":{"known":false,"muted":false,"flaky":false,"message":"Senaryo başlatma hatası","trace":"java.lang.RuntimeException: Senaryo başlatma hatası\n\tat stepDefinitions.Hooks.beforeScenario(Hooks.java:33)\nCaused by: org.openqa.selenium.SessionNotCreatedException: Could not start a new session. Unable to parse remote response: DeviceBusy \nHost info: host: '192.168.1.13', ip: '2a02:ff0:220:aa06:c5b2:f93:12af:2997%en0'\n\tat org.openqa.selenium.remote.ProtocolHandshake.createSession(ProtocolHandshake.java:126)\n\tat java.base/jdk.internal.reflect.NativeMethodAccessorImpl.invoke0(Native Method)\n\tat java.base/jdk.internal.reflect.NativeMethodAccessorImpl.invoke(NativeMethodAccessorImpl.java:62)\n\tat java.base/jdk.internal.reflect.DelegatingMethodAccessorImpl.invoke(DelegatingMethodAccessorImpl.java:43)\n\tat java.base/java.lang.reflect.Method.invoke(Method.java:566)\n\tat io.appium.java_client.remote.AppiumProtocolHandshake.createSession(AppiumProtocolHandshake.java:133)\n\tat io.appium.java_client.remote.AppiumProtocolHandshake.createSession(AppiumProtocolHandshake.java:102)\n\tat io.appium.java_client.remote.AppiumCommandExecutor.createSession(AppiumCommandExecutor.java:177)\n\tat io.appium.java_client.remote.AppiumCommandExecutor.execute(AppiumCommandExecutor.java:238)\n\tat org.openqa.selenium.remote.RemoteWebDriver.execute(RemoteWebDriver.java:607)\n\tat io.appium.java_client.AppiumDriver.startSession(AppiumDriver.java:268)\n\tat org.openqa.selenium.remote.RemoteWebDriver.<init>(RemoteWebDriver.java:168)\n\tat io.appium.java_client.AppiumDriver.<init>(AppiumDriver.java:90)\n\tat io.appium.java_client.AppiumDriver.<init>(AppiumDriver.java:102)\n\tat io.appium.java_client.ios.IOSDriver.<init>(IOSDriver.java:102)\n\tat com.flick.drivers.DriverFactory.initDriver(DriverFactory.java:78)\n\tat stepDefinitions.Hooks.beforeScenario(Hooks.java:30)\n\tat java.base/jdk.internal.reflect.NativeMethodAccessorImpl.invoke0(Native Method)\n\tat java.base/jdk.internal.reflect.NativeMethodAccessorImpl.invoke(NativeMethodAccessorImpl.java:62)\n\tat java.base/jdk.internal.reflect.DelegatingMethodAccessorImpl.invoke(DelegatingMethodAccessorImpl.java:43)\n\tat java.base/java.lang.reflect.Method.invoke(Method.java:566)\n\tat io.cucumber.java.Invoker.doInvoke(Invoker.java:66)\n\tat io.cucumber.java.Invoker.invoke(Invoker.java:24)\n\tat io.cucumber.java.AbstractGlueDefinition.invokeMethod(AbstractGlueDefinition.java:47)\n\tat io.cucumber.java.JavaHookDefinition.execute(JavaHookDefinition.java:64)\n\tat io.cucumber.core.runner.CoreHookDefinition.execute(CoreHookDefinition.java:46)\n\tat io.cucumber.core.runner.HookDefinitionMatch.runStep(HookDefinitionMatch.java:21)\n\tat io.cucumber.core.runner.ExecutionMode$1.execute(ExecutionMode.java:10)\n\tat io.cucumber.core.runner.TestStep.executeStep(TestStep.java:84)\n\tat io.cucumber.core.runner.TestStep.run(TestStep.java:56)\n\tat io.cucumber.core.runner.TestCase.run(TestCase.java:78)\n\tat io.cucumber.core.runner.Runner.runPickle(Runner.java:75)\n\tat io.cucumber.testng.TestNGCucumberRunner.lambda$runScenario$1(TestNGCucumberRunner.java:132)\n\tat io.cucumber.core.runtime.CucumberExecutionContext.lambda$runTestCase$5(CucumberExecutionContext.java:137)\n\tat io.cucumber.core.runtime.RethrowingThrowableCollector.executeAndThrow(RethrowingThrowableCollector.java:23)\n\tat io.cucumber.core.runtime.CucumberExecutionContext.runTestCase(CucumberExecutionContext.java:137)\n\tat io.cucumber.testng.TestNGCucumberRunner.runScenario(TestNGCucumberRunner.java:129)\n\tat io.cucumber.testng.AbstractTestNGCucumberTests.runScenario(AbstractTestNGCucumberTests.java:35)\n\tat java.base/jdk.internal.reflect.NativeMethodAccessorImpl.invoke0(Native Method)\n\tat java.base/jdk.internal.reflect.NativeMethodAccessorImpl.invoke(NativeMethodAccessorImpl.java:62)\n\tat java.base/jdk.internal.reflect.DelegatingMethodAccessorImpl.invoke(DelegatingMethodAccessorImpl.java:43)\n\tat java.base/java.lang.reflect.Method.invoke(Method.java:566)\n\tat org.testng.internal.invokers.MethodInvocationHelper.invokeMethod(MethodInvocationHelper.java:139)\n\tat org.testng.internal.invokers.TestInvoker.invokeMethod(TestInvoker.java:664)\n\tat org.testng.internal.invokers.TestInvoker.invokeTestMethod(TestInvoker.java:227)\n\tat org.testng.internal.invokers.MethodRunner.runInSequence(MethodRunner.java:50)\n\tat org.testng.internal.invokers.TestInvoker$MethodInvocationAgent.invoke(TestInvoker.java:957)\n\tat org.testng.internal.invokers.TestInvoker.invokeTestMethods(TestInvoker.java:200)\n\tat org.testng.internal.invokers.TestMethodWorker.invokeTestMethods(TestMethodWorker.java:148)\n\tat org.testng.internal.invokers.TestMethodWorker.run(TestMethodWorker.java:128)\n\tat java.base/java.util.ArrayList.forEach(ArrayList.java:1541)\n\tat org.testng.TestRunner.privateRun(TestRunner.java:848)\n\tat org.testng.TestRunner.run(TestRunner.java:621)\n\tat org.testng.SuiteRunner.runTest(SuiteRunner.java:443)\n\tat org.testng.SuiteRunner$SuiteWorker.run(SuiteRunner.java:481)\n\tat org.testng.internal.thread.ThreadUtil.lambda$execute$0(ThreadUtil.java:58)\n\tat java.base/java.util.concurrent.FutureTask.run(FutureTask.java:264)\n\tat java.base/java.util.concurrent.ThreadPoolExecutor.runWorker(ThreadPoolExecutor.java:1128)\n\tat java.base/java.util.concurrent.ThreadPoolExecutor$Worker.run(ThreadPoolExecutor.java:628)\n\tat java.base/java.lang.Thread.run(Thread.java:834)\nCaused by: org.openqa.selenium.json.JsonException: Unable to parse: DeviceBusy\n\tat org.openqa.selenium.json.Json.toType(Json.java:169)\n\tat org.openqa.selenium.json.Json.toType(Json.java:152)\n\tat org.openqa.selenium.remote.ProtocolHandshake.createSession(ProtocolHandshake.java:122)\n\t... 59 more\nCaused by: org.openqa.selenium.json.JsonException: Unable to determine type from: D. Last 1 characters read: D\nBuild info: version: '4.15.0', revision: '1d14b5521b'\nSystem info: os.name: 'Mac OS X', os.arch: 'x86_64', os.version: '13.5.2', java.version: '11.0.15.1'\nDriver info: driver.version: IOSDriver\n\tat org.openqa.selenium.json.JsonInput.peek(JsonInput.java:166)\n\tat org.openqa.selenium.json.JsonTypeCoercer.lambda$buildCoercer$6(JsonTypeCoercer.java:167)\n\tat org.openqa.selenium.json.JsonTypeCoercer.coerce(JsonTypeCoercer.java:146)\n\tat org.openqa.selenium.json.Json.toType(Json.java:206)\n\tat org.openqa.selenium.json.Json.toType(Json.java:167)\n\t... 61 more\n"},"stage":"finished","steps":[],"attachments":[{"name":"ℹ️ INFO ===== START TEST: TestFlight ile bir uygulamayı indirip aç =====","source":"5d9b0ea5-f232-47af-bbab-e1fd26b5a7c1-attachment.txt","type":"text/plain"},{"name":"ℹ️ INFO Scenario Başlatıldı: TestFlight ile bir uygulamayı indirip aç","source":"2211faa5-dd8a-4a57-8d3f-b8c10923dbed-attachment.txt","type":"text/plain"},{"name":"ℹ️ INFO Env: cloud | Platform: ios | Device Index: 1 | AppKey: Sociable","source":"575f1059-2fc9-49a8-84cc-20339d8aebc1-attachment.txt","type":"text/plain"},{"name":"❌ ERROR Senaryo başlatılamadı: Could not start a new session. Unable to parse remote response: DeviceBusy \nHost info: host: '192.168.1.13', ip: '2a02:ff0:220:aa06:c5b2:f93:12af:2997%en0'","source":"1f967121-c0de-4933-944b-fdc735c27b52-attachment.txt","type":"text/plain"},{"name":"ℹ️ INFO Senaryo Tamamlandı: TestFlight ile bir uygulamayı indirip aç => FAILED","source":"25a20531-a059-4e7d-8882-9cb0e83db262-attachment.txt","type":"text/plain"},{"name":"ℹ️ INFO ===== END TEST: TestFlight ile bir uygulamayı indirip aç =====","source":"b16a0c8e-3089-42f2-98a6-0c03d4ecc3c1-attachment.txt","type":"text/plain"}],"parameters":[{"name":"environment","value":"cloud"},{"name":"appKey","value":"Sociable"},{"name":"deviceIndex","value":"1"},{"name":"platform","value":"ios"},{"name":"arg1","value":"\"TestFlight üzerinden uygulama kurulumu ve açılışı\""},{"name":"arg0","value":"\"TestFlight ile bir uygulamayı indirip aç\""}],"start":1753743139813,"stop":1753743141958,"uuid":"d22f95fe-5386-43e7-b98e-a425efd249b3","historyId":"5531c9eed08d5b71cf45455677cc56b","fullName":"io.cucumber.testng.AbstractTestNGCucumberTests.runScenario","labels":[{"name":"package","value":"com.flick.runners.TestRunner"},{"name":"testClass","value":"com.flick.runners.TestRunner"},{"name":"testMethod","value":"runScenario"},{"name":"parentSuite","value":"Mobile Automation Suite - Cloud iOS Parallel"},{"name":"suite","value":"Cloud iOS Device 2"},{"name":"subSuite","value":"com.flick.runners.TestRunner"},{"name":"host","value":"192.168.1.13"},{"name":"thread","value":"5159@192.168.1.13.TestNG-tests-2(14)"},{"name":"framework","value":"testng"},{"name":"language","value":"java"}],"links":[]}