[01:42:35] [TestNG-tests-1] [INFO] ===== START TEST: TestFlight ile bir uygulamayı indirip aç =====
[01:42:35] [TestNG-tests-2] [INFO] ===== START TEST: TestFlight ile bir uygulamayı indirip aç =====
[01:42:35] [TestNG-tests-3] [INFO] ===== START TEST: TestFlight ile bir uygulamayı indirip aç =====
[01:42:35] [TestNG-tests-3] [INFO] Scenario Başlatıldı: TestFlight ile bir uygulamayı indirip aç
[01:42:35] [TestNG-tests-2] [INFO] Scenario Başlatıldı: TestFlight ile bir uygulamayı indirip aç
[01:42:35] [TestNG-tests-1] [INFO] Scenario Başlatıldı: TestFlight ile bir uygulamayı indirip aç
[01:42:35] [TestNG-tests-3] [INFO] Env: cloud | Platform: ios | Device Index: 2 | AppKey: Sociable
[01:42:35] [TestNG-tests-2] [INFO] Env: cloud | Platform: ios | Device Index: 1 | AppKey: Sociable
[01:42:35] [TestNG-tests-1] [INFO] Env: cloud | Platform: ios | Device Index: 0 | AppKey: Sociable
[01:42:37] [TestNG-tests-2] [ERROR] Senaryo başlatılamadı: Could not start a new session. Unable to parse remote response: DeviceBusy 
Host info: host: '192.168.1.13', ip: '2a02:ff0:220:aa06:c5b2:f93:12af:2997%en0'
[01:42:37] [TestNG-tests-2] [INFO] Senaryo Tamamlandı: TestFlight ile bir uygulamayı indirip aç => FAILED
[01:42:37] [TestNG-tests-2] [INFO] ===== END TEST: TestFlight ile bir uygulamayı indirip aç =====
[01:42:38] [TestNG-tests-1] [INFO] TestFlight açılıyor ve terminate+activate yapılıyor...
[01:42:40] [TestNG-tests-3] [INFO] TestFlight açılıyor ve terminate+activate yapılıyor...
[01:42:45] [TestNG-tests-3] [INFO] TestFlight içinde uygulama aranıyor: Sociable - Video Chat & Games
[01:42:50] [TestNG-tests-3] [INFO] ✅ App bulundu ve tıklandı: Sociable - Video Chat & Games
[01:42:50] [TestNG-tests-3] [WARN] Mevcut kurulu uygulama kaldırılıyor (varsa): com.forplay.app
[01:42:50] [TestNG-tests-1] [INFO] TestFlight içinde uygulama aranıyor: Sociable - Video Chat & Games
[01:42:50] [TestNG-tests-3] [INFO] TestFlight Install akışı başlıyor...
[01:43:05] [TestNG-tests-3] [INFO] Senaryo Tamamlandı: TestFlight ile bir uygulamayı indirip aç => FAILED
[01:43:05] [TestNG-tests-3] [INFO] ===== END TEST: TestFlight ile bir uygulamayı indirip aç =====
[01:44:26] [TestNG-tests-1] [INFO] Senaryo Tamamlandı: TestFlight ile bir uygulamayı indirip aç => FAILED
[01:44:26] [TestNG-tests-1] [INFO] ===== END TEST: TestFlight ile bir uygulamayı indirip aç =====
