{"uid":"1b0c66847f48c7cf","name":"Runs Cucumber Scenarios","fullName":"io.cucumber.testng.AbstractTestNGCucumberTests.runScenario","historyId":"eab82c273754ebd47ddd38c81b01f5bb","time":{"start":1753743139813,"stop":1753743245024,"duration":105211},"status":"broken","statusMessage":"❌ Element not clickable: By.xpath: //*[contains(@name,'Install') or contains(@name,'INSTALL') or contains(@label,'YÜKLE') or contains(@label,'Yükle')]","statusTrace":"java.lang.RuntimeException: ❌ Element not clickable: By.xpath: //*[contains(@name,'Install') or contains(@name,'INSTALL') or contains(@label,'YÜKLE') or contains(@label,'Yükle')]\n\tat com.flick.utils.TestUtils.waitAndClick(TestUtils.java:389)\n\tat com.flick.pages.TestFlightPage.clickInstall(TestFlightPage.java:147)\n\tat stepDefinitions.TestFlightSteps.installApp(TestFlightSteps.java:41)\n\tat ✽.Install butonuna basılır ve yükleme tamamlanır(file:///Users/hakantektas/mobil-test/src/test/java/features/testFlight.feature:8)\nCaused by: org.openqa.selenium.TimeoutException: Expected condition failed: waiting for element to be clickable: By.xpath: //*[contains(@name,'Install') or contains(@name,'INSTALL') or contains(@label,'YÜKLE') or contains(@label,'Yükle')] (tried for 90 second(s) with 500 milliseconds interval)\nBuild info: version: '4.15.0', revision: '1d14b5521b'\nSystem info: os.name: 'Mac OS X', os.arch: 'x86_64', os.version: '13.5.2', java.version: '11.0.15.1'\nDriver info: io.appium.java_client.ios.IOSDriver\nCapabilities {appium:autoAcceptAlerts: true, appium:autoDismissAlerts: true, appium:automationName: XCUITest, appium:bundleId: com.apple.TestFlight, appium:databaseEnabled: false, appium:deviceName: 00008120-00162D9A2ED8201E, appium:fullReset: false, appium:javascriptEnabled: true, appium:language: en, appium:locale: US, appium:locationContextEnabled: false, appium:networkConnectionEnabled: false, appium:noReset: true, appium:platformVersion: 18.0, appium:takesScreenshot: true, appium:udid: 00008120-00162D9A2ED8201E, appium:wdaLocalPort: 8074, appium:webStorageEnabled: false, appium:webkitDebugProxyPort: 8075, momentum:options: {gw: 4033, token: sncR7c22hHt4rSiaFuE2y1El52R..., user: hakan.tektas@mobven.com}, platformName: IOS}\nSession ID: 4e949cbb-2e7d-4746-8d13-6334de9eae7c\n\tat org.openqa.selenium.support.ui.WebDriverWait.timeoutException(WebDriverWait.java:84)\n\tat org.openqa.selenium.support.ui.FluentWait.until(FluentWait.java:229)\n\tat com.flick.utils.TestUtils.waitAndClick(TestUtils.java:383)\n\tat com.flick.pages.TestFlightPage.clickInstall(TestFlightPage.java:147)\n\tat stepDefinitions.TestFlightSteps.installApp(TestFlightSteps.java:41)\n\tat java.base/jdk.internal.reflect.NativeMethodAccessorImpl.invoke0(Native Method)\n\tat java.base/jdk.internal.reflect.NativeMethodAccessorImpl.invoke(NativeMethodAccessorImpl.java:62)\n\tat java.base/jdk.internal.reflect.DelegatingMethodAccessorImpl.invoke(DelegatingMethodAccessorImpl.java:43)\n\tat java.base/java.lang.reflect.Method.invoke(Method.java:566)\n\tat io.cucumber.java.Invoker.doInvoke(Invoker.java:66)\n\tat io.cucumber.java.Invoker.invoke(Invoker.java:24)\n\tat io.cucumber.java.AbstractGlueDefinition.invokeMethod(AbstractGlueDefinition.java:47)\n\tat io.cucumber.java.JavaStepDefinition.execute(JavaStepDefinition.java:29)\n\tat io.cucumber.core.runner.CoreStepDefinition.execute(CoreStepDefinition.java:66)\n\tat io.cucumber.core.runner.PickleStepDefinitionMatch.runStep(PickleStepDefinitionMatch.java:63)\n\tat io.cucumber.core.runner.ExecutionMode$1.execute(ExecutionMode.java:10)\n\tat io.cucumber.core.runner.TestStep.executeStep(TestStep.java:84)\n\tat io.cucumber.core.runner.TestStep.run(TestStep.java:56)\n\tat io.cucumber.core.runner.PickleStepTestStep.run(PickleStepTestStep.java:51)\n\tat io.cucumber.core.runner.TestCase.run(TestCase.java:84)\n\tat io.cucumber.core.runner.Runner.runPickle(Runner.java:75)\n\tat io.cucumber.testng.TestNGCucumberRunner.lambda$runScenario$1(TestNGCucumberRunner.java:132)\n\tat io.cucumber.core.runtime.CucumberExecutionContext.lambda$runTestCase$5(CucumberExecutionContext.java:137)\n\tat io.cucumber.core.runtime.RethrowingThrowableCollector.executeAndThrow(RethrowingThrowableCollector.java:23)\n\tat io.cucumber.core.runtime.CucumberExecutionContext.runTestCase(CucumberExecutionContext.java:137)\n\tat io.cucumber.testng.TestNGCucumberRunner.runScenario(TestNGCucumberRunner.java:129)\n\tat io.cucumber.testng.AbstractTestNGCucumberTests.runScenario(AbstractTestNGCucumberTests.java:35)\n\tat java.base/jdk.internal.reflect.NativeMethodAccessorImpl.invoke0(Native Method)\n\tat java.base/jdk.internal.reflect.NativeMethodAccessorImpl.invoke(NativeMethodAccessorImpl.java:62)\n\tat java.base/jdk.internal.reflect.DelegatingMethodAccessorImpl.invoke(DelegatingMethodAccessorImpl.java:43)\n\tat java.base/java.lang.reflect.Method.invoke(Method.java:566)\n\tat org.testng.internal.invokers.MethodInvocationHelper.invokeMethod(MethodInvocationHelper.java:139)\n\tat org.testng.internal.invokers.TestInvoker.invokeMethod(TestInvoker.java:664)\n\tat org.testng.internal.invokers.TestInvoker.invokeTestMethod(TestInvoker.java:227)\n\tat org.testng.internal.invokers.MethodRunner.runInSequence(MethodRunner.java:50)\n\tat org.testng.internal.invokers.TestInvoker$MethodInvocationAgent.invoke(TestInvoker.java:957)\n\tat org.testng.internal.invokers.TestInvoker.invokeTestMethods(TestInvoker.java:200)\n\tat org.testng.internal.invokers.TestMethodWorker.invokeTestMethods(TestMethodWorker.java:148)\n\tat org.testng.internal.invokers.TestMethodWorker.run(TestMethodWorker.java:128)\n\tat java.base/java.util.ArrayList.forEach(ArrayList.java:1541)\n\tat org.testng.TestRunner.privateRun(TestRunner.java:848)\n\tat org.testng.TestRunner.run(TestRunner.java:621)\n\tat org.testng.SuiteRunner.runTest(SuiteRunner.java:443)\n\tat org.testng.SuiteRunner$SuiteWorker.run(SuiteRunner.java:481)\n\tat org.testng.internal.thread.ThreadUtil.lambda$execute$0(ThreadUtil.java:58)\n\tat java.base/java.util.concurrent.FutureTask.run(FutureTask.java:264)\n\tat java.base/java.util.concurrent.ThreadPoolExecutor.runWorker(ThreadPoolExecutor.java:1128)\n\tat java.base/java.util.concurrent.ThreadPoolExecutor$Worker.run(ThreadPoolExecutor.java:628)\n\tat java.base/java.lang.Thread.run(Thread.java:834)\n","flaky":false,"newFailed":false,"newBroken":false,"newPassed":false,"retriesCount":0,"retriesStatusChange":false,"beforeStages":[{"name":"beforeEachTest","time":{"start":1753743138034,"stop":1753743138175,"duration":141},"description":"","status":"passed","steps":[],"attachments":[{"uid":"6efbda3704060521","name":"ℹ️ INFO ========== Test Setup (Per-Test) ==========","source":"6efbda3704060521.txt","type":"text/plain","size":43},{"uid":"13071193600057db","name":"ℹ️ INFO Environment: cloud","source":"13071193600057db.txt","type":"text/plain","size":18},{"uid":"50a5d0aa504fe235","name":"ℹ️ INFO Platform   : ios","source":"50a5d0aa504fe235.txt","type":"text/plain","size":16},{"uid":"5085f0362a50968e","name":"ℹ️ INFO AppKey     : Sociable","source":"5085f0362a50968e.txt","type":"text/plain","size":21},{"uid":"f18b4f8c4b2f57a5","name":"ℹ️ INFO DeviceIndex: 2","source":"f18b4f8c4b2f57a5.txt","type":"text/plain","size":14},{"uid":"cd732904ed54f3a6","name":"ℹ️ INFO ===========================================","source":"cd732904ed54f3a6.txt","type":"text/plain","size":43}],"parameters":[],"stepsCount":0,"shouldDisplayMessage":false,"attachmentsCount":6,"hasContent":true,"attachmentStep":false},{"name":"setUpClass","time":{"start":1753743138228,"stop":1753743139639,"duration":1411},"description":"","status":"passed","steps":[],"attachments":[],"parameters":[],"stepsCount":0,"shouldDisplayMessage":false,"attachmentsCount":0,"hasContent":false,"attachmentStep":false}],"testStage":{"status":"broken","statusMessage":"❌ Element not clickable: By.xpath: //*[contains(@name,'Install') or contains(@name,'INSTALL') or contains(@label,'YÜKLE') or contains(@label,'Yükle')]","statusTrace":"java.lang.RuntimeException: ❌ Element not clickable: By.xpath: //*[contains(@name,'Install') or contains(@name,'INSTALL') or contains(@label,'YÜKLE') or contains(@label,'Yükle')]\n\tat com.flick.utils.TestUtils.waitAndClick(TestUtils.java:389)\n\tat com.flick.pages.TestFlightPage.clickInstall(TestFlightPage.java:147)\n\tat stepDefinitions.TestFlightSteps.installApp(TestFlightSteps.java:41)\n\tat ✽.Install butonuna basılır ve yükleme tamamlanır(file:///Users/hakantektas/mobil-test/src/test/java/features/testFlight.feature:8)\nCaused by: org.openqa.selenium.TimeoutException: Expected condition failed: waiting for element to be clickable: By.xpath: //*[contains(@name,'Install') or contains(@name,'INSTALL') or contains(@label,'YÜKLE') or contains(@label,'Yükle')] (tried for 90 second(s) with 500 milliseconds interval)\nBuild info: version: '4.15.0', revision: '1d14b5521b'\nSystem info: os.name: 'Mac OS X', os.arch: 'x86_64', os.version: '13.5.2', java.version: '11.0.15.1'\nDriver info: io.appium.java_client.ios.IOSDriver\nCapabilities {appium:autoAcceptAlerts: true, appium:autoDismissAlerts: true, appium:automationName: XCUITest, appium:bundleId: com.apple.TestFlight, appium:databaseEnabled: false, appium:deviceName: 00008120-00162D9A2ED8201E, appium:fullReset: false, appium:javascriptEnabled: true, appium:language: en, appium:locale: US, appium:locationContextEnabled: false, appium:networkConnectionEnabled: false, appium:noReset: true, appium:platformVersion: 18.0, appium:takesScreenshot: true, appium:udid: 00008120-00162D9A2ED8201E, appium:wdaLocalPort: 8074, appium:webStorageEnabled: false, appium:webkitDebugProxyPort: 8075, momentum:options: {gw: 4033, token: sncR7c22hHt4rSiaFuE2y1El52R..., user: hakan.tektas@mobven.com}, platformName: IOS}\nSession ID: 4e949cbb-2e7d-4746-8d13-6334de9eae7c\n\tat org.openqa.selenium.support.ui.WebDriverWait.timeoutException(WebDriverWait.java:84)\n\tat org.openqa.selenium.support.ui.FluentWait.until(FluentWait.java:229)\n\tat com.flick.utils.TestUtils.waitAndClick(TestUtils.java:383)\n\tat com.flick.pages.TestFlightPage.clickInstall(TestFlightPage.java:147)\n\tat stepDefinitions.TestFlightSteps.installApp(TestFlightSteps.java:41)\n\tat java.base/jdk.internal.reflect.NativeMethodAccessorImpl.invoke0(Native Method)\n\tat java.base/jdk.internal.reflect.NativeMethodAccessorImpl.invoke(NativeMethodAccessorImpl.java:62)\n\tat java.base/jdk.internal.reflect.DelegatingMethodAccessorImpl.invoke(DelegatingMethodAccessorImpl.java:43)\n\tat java.base/java.lang.reflect.Method.invoke(Method.java:566)\n\tat io.cucumber.java.Invoker.doInvoke(Invoker.java:66)\n\tat io.cucumber.java.Invoker.invoke(Invoker.java:24)\n\tat io.cucumber.java.AbstractGlueDefinition.invokeMethod(AbstractGlueDefinition.java:47)\n\tat io.cucumber.java.JavaStepDefinition.execute(JavaStepDefinition.java:29)\n\tat io.cucumber.core.runner.CoreStepDefinition.execute(CoreStepDefinition.java:66)\n\tat io.cucumber.core.runner.PickleStepDefinitionMatch.runStep(PickleStepDefinitionMatch.java:63)\n\tat io.cucumber.core.runner.ExecutionMode$1.execute(ExecutionMode.java:10)\n\tat io.cucumber.core.runner.TestStep.executeStep(TestStep.java:84)\n\tat io.cucumber.core.runner.TestStep.run(TestStep.java:56)\n\tat io.cucumber.core.runner.PickleStepTestStep.run(PickleStepTestStep.java:51)\n\tat io.cucumber.core.runner.TestCase.run(TestCase.java:84)\n\tat io.cucumber.core.runner.Runner.runPickle(Runner.java:75)\n\tat io.cucumber.testng.TestNGCucumberRunner.lambda$runScenario$1(TestNGCucumberRunner.java:132)\n\tat io.cucumber.core.runtime.CucumberExecutionContext.lambda$runTestCase$5(CucumberExecutionContext.java:137)\n\tat io.cucumber.core.runtime.RethrowingThrowableCollector.executeAndThrow(RethrowingThrowableCollector.java:23)\n\tat io.cucumber.core.runtime.CucumberExecutionContext.runTestCase(CucumberExecutionContext.java:137)\n\tat io.cucumber.testng.TestNGCucumberRunner.runScenario(TestNGCucumberRunner.java:129)\n\tat io.cucumber.testng.AbstractTestNGCucumberTests.runScenario(AbstractTestNGCucumberTests.java:35)\n\tat java.base/jdk.internal.reflect.NativeMethodAccessorImpl.invoke0(Native Method)\n\tat java.base/jdk.internal.reflect.NativeMethodAccessorImpl.invoke(NativeMethodAccessorImpl.java:62)\n\tat java.base/jdk.internal.reflect.DelegatingMethodAccessorImpl.invoke(DelegatingMethodAccessorImpl.java:43)\n\tat java.base/java.lang.reflect.Method.invoke(Method.java:566)\n\tat org.testng.internal.invokers.MethodInvocationHelper.invokeMethod(MethodInvocationHelper.java:139)\n\tat org.testng.internal.invokers.TestInvoker.invokeMethod(TestInvoker.java:664)\n\tat org.testng.internal.invokers.TestInvoker.invokeTestMethod(TestInvoker.java:227)\n\tat org.testng.internal.invokers.MethodRunner.runInSequence(MethodRunner.java:50)\n\tat org.testng.internal.invokers.TestInvoker$MethodInvocationAgent.invoke(TestInvoker.java:957)\n\tat org.testng.internal.invokers.TestInvoker.invokeTestMethods(TestInvoker.java:200)\n\tat org.testng.internal.invokers.TestMethodWorker.invokeTestMethods(TestMethodWorker.java:148)\n\tat org.testng.internal.invokers.TestMethodWorker.run(TestMethodWorker.java:128)\n\tat java.base/java.util.ArrayList.forEach(ArrayList.java:1541)\n\tat org.testng.TestRunner.privateRun(TestRunner.java:848)\n\tat org.testng.TestRunner.run(TestRunner.java:621)\n\tat org.testng.SuiteRunner.runTest(SuiteRunner.java:443)\n\tat org.testng.SuiteRunner$SuiteWorker.run(SuiteRunner.java:481)\n\tat org.testng.internal.thread.ThreadUtil.lambda$execute$0(ThreadUtil.java:58)\n\tat java.base/java.util.concurrent.FutureTask.run(FutureTask.java:264)\n\tat java.base/java.util.concurrent.ThreadPoolExecutor.runWorker(ThreadPoolExecutor.java:1128)\n\tat java.base/java.util.concurrent.ThreadPoolExecutor$Worker.run(ThreadPoolExecutor.java:628)\n\tat java.base/java.lang.Thread.run(Thread.java:834)\n","steps":[],"attachments":[{"uid":"fd729160fe325fb0","name":"ℹ️ INFO ===== START TEST: TestFlight ile bir uygulamayı indirip aç =====","source":"fd729160fe325fb0.txt","type":"text/plain","size":66},{"uid":"4dcd480a6b3a81e2","name":"ℹ️ INFO Scenario Başlatıldı: TestFlight ile bir uygulamayı indirip aç","source":"4dcd480a6b3a81e2.txt","type":"text/plain","size":66},{"uid":"1c0099710ce1a66","name":"ℹ️ INFO Env: cloud | Platform: ios | Device Index: 2 | AppKey: Sociable","source":"1c0099710ce1a66.txt","type":"text/plain","size":63},{"uid":"7f25ccd4aea6d445","name":"ℹ️ INFO TestFlight açılıyor ve terminate+activate yapılıyor...","source":"7f25ccd4aea6d445.txt","type":"text/plain","size":59},{"uid":"80527ca748981f44","name":"[INFO] openTestFlight","source":"80527ca748981f44.png","type":"image/png","size":70280},{"uid":"2a84a5d4714edb2","name":"ℹ️ INFO TestFlight içinde uygulama aranıyor: Sociable - Video Chat & Games","source":"2a84a5d4714edb2.txt","type":"text/plain","size":68},{"uid":"664d6c5338ed016a","name":"[INFO] ...","source":"664d6c5338ed016a.png","type":"image/png","size":337971},{"uid":"582bf93a6b37a6be","name":"ℹ️ INFO ✅ App bulundu ve tıklandı: Sociable - Video Chat & Games","source":"582bf93a6b37a6be.txt","type":"text/plain","size":60},{"uid":"f4eff1262d59e9f0","name":"⚠️ WARN Mevcut kurulu uygulama kaldırılıyor (varsa): com.forplay.app","source":"f4eff1262d59e9f0.txt","type":"text/plain","size":63},{"uid":"c621acd57fd3d898","name":"ℹ️ INFO TestFlight Install akışı başlıyor...","source":"c621acd57fd3d898.txt","type":"text/plain","size":41},{"uid":"e9d5cdbdf2528ba4","name":"ℹ️ INFO Senaryo Tamamlandı: TestFlight ile bir uygulamayı indirip aç => FAILED","source":"e9d5cdbdf2528ba4.txt","type":"text/plain","size":73},{"uid":"2913de4e5e38152a","name":"ℹ️ INFO ===== END TEST: TestFlight ile bir uygulamayı indirip aç =====","source":"2913de4e5e38152a.txt","type":"text/plain","size":64}],"parameters":[],"stepsCount":0,"shouldDisplayMessage":true,"attachmentsCount":12,"hasContent":true,"attachmentStep":false},"afterStages":[{"name":"tearDownClass","time":{"start":1753743245045,"stop":1753743245104,"duration":59},"description":"","status":"passed","steps":[],"attachments":[],"parameters":[],"stepsCount":0,"shouldDisplayMessage":false,"attachmentsCount":0,"hasContent":false,"attachmentStep":false}],"labels":[{"name":"package","value":"com.flick.runners.TestRunner"},{"name":"testClass","value":"com.flick.runners.TestRunner"},{"name":"testMethod","value":"runScenario"},{"name":"parentSuite","value":"Mobile Automation Suite - Cloud iOS Parallel"},{"name":"suite","value":"Cloud iOS Device 3"},{"name":"subSuite","value":"com.flick.runners.TestRunner"},{"name":"host","value":"192.168.1.13"},{"name":"thread","value":"5159@192.168.1.13.TestNG-tests-3(15)"},{"name":"framework","value":"testng"},{"name":"language","value":"java"},{"name":"resultFormat","value":"allure2"}],"parameters":[{"name":"appKey","value":"Sociable"},{"name":"arg0","value":"\"TestFlight ile bir uygulamayı indirip aç\""},{"name":"arg1","value":"\"TestFlight üzerinden uygulama kurulumu ve açılışı\""},{"name":"deviceIndex","value":"2"},{"name":"environment","value":"cloud"},{"name":"platform","value":"ios"}],"links":[],"hidden":false,"retry":false,"extra":{"severity":"normal","retries":[],"categories":[{"name":"Test defects","matchedStatuses":[],"flaky":false}],"tags":[]},"source":"1b0c66847f48c7cf.json","parameterValues":["Sociable","\"TestFlight ile bir uygulamayı indirip aç\"","\"TestFlight üzerinden uygulama kurulumu ve açılışı\"","2","cloud","ios"]}