{"uid":"65f9ca626e85892","name":"Runs Cucumber Scenarios","fullName":"io.cucumber.testng.AbstractTestNGCucumberTests.runScenario","historyId":"5531c9eed08d5b71cf45455677cc56b","time":{"start":1753743139813,"stop":1753743141958,"duration":2145},"status":"broken","statusMessage":"Senaryo başlatma hatası","statusTrace":"java.lang.RuntimeException: Senaryo başlatma hatası\n\tat stepDefinitions.Hooks.beforeScenario(Hooks.java:33)\nCaused by: org.openqa.selenium.SessionNotCreatedException: Could not start a new session. Unable to parse remote response: DeviceBusy \nHost info: host: '192.168.1.13', ip: '2a02:ff0:220:aa06:c5b2:f93:12af:2997%en0'\n\tat org.openqa.selenium.remote.ProtocolHandshake.createSession(ProtocolHandshake.java:126)\n\tat java.base/jdk.internal.reflect.NativeMethodAccessorImpl.invoke0(Native Method)\n\tat java.base/jdk.internal.reflect.NativeMethodAccessorImpl.invoke(NativeMethodAccessorImpl.java:62)\n\tat java.base/jdk.internal.reflect.DelegatingMethodAccessorImpl.invoke(DelegatingMethodAccessorImpl.java:43)\n\tat java.base/java.lang.reflect.Method.invoke(Method.java:566)\n\tat io.appium.java_client.remote.AppiumProtocolHandshake.createSession(AppiumProtocolHandshake.java:133)\n\tat io.appium.java_client.remote.AppiumProtocolHandshake.createSession(AppiumProtocolHandshake.java:102)\n\tat io.appium.java_client.remote.AppiumCommandExecutor.createSession(AppiumCommandExecutor.java:177)\n\tat io.appium.java_client.remote.AppiumCommandExecutor.execute(AppiumCommandExecutor.java:238)\n\tat org.openqa.selenium.remote.RemoteWebDriver.execute(RemoteWebDriver.java:607)\n\tat io.appium.java_client.AppiumDriver.startSession(AppiumDriver.java:268)\n\tat org.openqa.selenium.remote.RemoteWebDriver.<init>(RemoteWebDriver.java:168)\n\tat io.appium.java_client.AppiumDriver.<init>(AppiumDriver.java:90)\n\tat io.appium.java_client.AppiumDriver.<init>(AppiumDriver.java:102)\n\tat io.appium.java_client.ios.IOSDriver.<init>(IOSDriver.java:102)\n\tat com.flick.drivers.DriverFactory.initDriver(DriverFactory.java:78)\n\tat stepDefinitions.Hooks.beforeScenario(Hooks.java:30)\n\tat java.base/jdk.internal.reflect.NativeMethodAccessorImpl.invoke0(Native Method)\n\tat java.base/jdk.internal.reflect.NativeMethodAccessorImpl.invoke(NativeMethodAccessorImpl.java:62)\n\tat java.base/jdk.internal.reflect.DelegatingMethodAccessorImpl.invoke(DelegatingMethodAccessorImpl.java:43)\n\tat java.base/java.lang.reflect.Method.invoke(Method.java:566)\n\tat io.cucumber.java.Invoker.doInvoke(Invoker.java:66)\n\tat io.cucumber.java.Invoker.invoke(Invoker.java:24)\n\tat io.cucumber.java.AbstractGlueDefinition.invokeMethod(AbstractGlueDefinition.java:47)\n\tat io.cucumber.java.JavaHookDefinition.execute(JavaHookDefinition.java:64)\n\tat io.cucumber.core.runner.CoreHookDefinition.execute(CoreHookDefinition.java:46)\n\tat io.cucumber.core.runner.HookDefinitionMatch.runStep(HookDefinitionMatch.java:21)\n\tat io.cucumber.core.runner.ExecutionMode$1.execute(ExecutionMode.java:10)\n\tat io.cucumber.core.runner.TestStep.executeStep(TestStep.java:84)\n\tat io.cucumber.core.runner.TestStep.run(TestStep.java:56)\n\tat io.cucumber.core.runner.TestCase.run(TestCase.java:78)\n\tat io.cucumber.core.runner.Runner.runPickle(Runner.java:75)\n\tat io.cucumber.testng.TestNGCucumberRunner.lambda$runScenario$1(TestNGCucumberRunner.java:132)\n\tat io.cucumber.core.runtime.CucumberExecutionContext.lambda$runTestCase$5(CucumberExecutionContext.java:137)\n\tat io.cucumber.core.runtime.RethrowingThrowableCollector.executeAndThrow(RethrowingThrowableCollector.java:23)\n\tat io.cucumber.core.runtime.CucumberExecutionContext.runTestCase(CucumberExecutionContext.java:137)\n\tat io.cucumber.testng.TestNGCucumberRunner.runScenario(TestNGCucumberRunner.java:129)\n\tat io.cucumber.testng.AbstractTestNGCucumberTests.runScenario(AbstractTestNGCucumberTests.java:35)\n\tat java.base/jdk.internal.reflect.NativeMethodAccessorImpl.invoke0(Native Method)\n\tat java.base/jdk.internal.reflect.NativeMethodAccessorImpl.invoke(NativeMethodAccessorImpl.java:62)\n\tat java.base/jdk.internal.reflect.DelegatingMethodAccessorImpl.invoke(DelegatingMethodAccessorImpl.java:43)\n\tat java.base/java.lang.reflect.Method.invoke(Method.java:566)\n\tat org.testng.internal.invokers.MethodInvocationHelper.invokeMethod(MethodInvocationHelper.java:139)\n\tat org.testng.internal.invokers.TestInvoker.invokeMethod(TestInvoker.java:664)\n\tat org.testng.internal.invokers.TestInvoker.invokeTestMethod(TestInvoker.java:227)\n\tat org.testng.internal.invokers.MethodRunner.runInSequence(MethodRunner.java:50)\n\tat org.testng.internal.invokers.TestInvoker$MethodInvocationAgent.invoke(TestInvoker.java:957)\n\tat org.testng.internal.invokers.TestInvoker.invokeTestMethods(TestInvoker.java:200)\n\tat org.testng.internal.invokers.TestMethodWorker.invokeTestMethods(TestMethodWorker.java:148)\n\tat org.testng.internal.invokers.TestMethodWorker.run(TestMethodWorker.java:128)\n\tat java.base/java.util.ArrayList.forEach(ArrayList.java:1541)\n\tat org.testng.TestRunner.privateRun(TestRunner.java:848)\n\tat org.testng.TestRunner.run(TestRunner.java:621)\n\tat org.testng.SuiteRunner.runTest(SuiteRunner.java:443)\n\tat org.testng.SuiteRunner$SuiteWorker.run(SuiteRunner.java:481)\n\tat org.testng.internal.thread.ThreadUtil.lambda$execute$0(ThreadUtil.java:58)\n\tat java.base/java.util.concurrent.FutureTask.run(FutureTask.java:264)\n\tat java.base/java.util.concurrent.ThreadPoolExecutor.runWorker(ThreadPoolExecutor.java:1128)\n\tat java.base/java.util.concurrent.ThreadPoolExecutor$Worker.run(ThreadPoolExecutor.java:628)\n\tat java.base/java.lang.Thread.run(Thread.java:834)\nCaused by: org.openqa.selenium.json.JsonException: Unable to parse: DeviceBusy\n\tat org.openqa.selenium.json.Json.toType(Json.java:169)\n\tat org.openqa.selenium.json.Json.toType(Json.java:152)\n\tat org.openqa.selenium.remote.ProtocolHandshake.createSession(ProtocolHandshake.java:122)\n\t... 59 more\nCaused by: org.openqa.selenium.json.JsonException: Unable to determine type from: D. Last 1 characters read: D\nBuild info: version: '4.15.0', revision: '1d14b5521b'\nSystem info: os.name: 'Mac OS X', os.arch: 'x86_64', os.version: '13.5.2', java.version: '11.0.15.1'\nDriver info: driver.version: IOSDriver\n\tat org.openqa.selenium.json.JsonInput.peek(JsonInput.java:166)\n\tat org.openqa.selenium.json.JsonTypeCoercer.lambda$buildCoercer$6(JsonTypeCoercer.java:167)\n\tat org.openqa.selenium.json.JsonTypeCoercer.coerce(JsonTypeCoercer.java:146)\n\tat org.openqa.selenium.json.Json.toType(Json.java:206)\n\tat org.openqa.selenium.json.Json.toType(Json.java:167)\n\t... 61 more\n","flaky":false,"newFailed":false,"newBroken":false,"newPassed":false,"retriesCount":0,"retriesStatusChange":false,"beforeStages":[{"name":"beforeEachTest","time":{"start":1753743138035,"stop":1753743138175,"duration":140},"description":"","status":"passed","steps":[],"attachments":[{"uid":"fcc403a722bc2553","name":"ℹ️ INFO ========== Test Setup (Per-Test) ==========","source":"fcc403a722bc2553.txt","type":"text/plain","size":43},{"uid":"c9e0c6cdb0913baa","name":"ℹ️ INFO Environment: cloud","source":"c9e0c6cdb0913baa.txt","type":"text/plain","size":18},{"uid":"6b20bc834991fdf7","name":"ℹ️ INFO Platform   : ios","source":"6b20bc834991fdf7.txt","type":"text/plain","size":16},{"uid":"5303ef9dff1f4a05","name":"ℹ️ INFO AppKey     : Sociable","source":"5303ef9dff1f4a05.txt","type":"text/plain","size":21},{"uid":"e298fdbb071e8cbe","name":"ℹ️ INFO DeviceIndex: 1","source":"e298fdbb071e8cbe.txt","type":"text/plain","size":14},{"uid":"d29edd287a9b338f","name":"ℹ️ INFO ===========================================","source":"d29edd287a9b338f.txt","type":"text/plain","size":43}],"parameters":[],"stepsCount":0,"shouldDisplayMessage":false,"attachmentsCount":6,"hasContent":true,"attachmentStep":false},{"name":"setUpClass","time":{"start":1753743138228,"stop":1753743139639,"duration":1411},"description":"","status":"passed","steps":[],"attachments":[],"parameters":[],"stepsCount":0,"shouldDisplayMessage":false,"attachmentsCount":0,"hasContent":false,"attachmentStep":false}],"testStage":{"status":"broken","statusMessage":"Senaryo başlatma hatası","statusTrace":"java.lang.RuntimeException: Senaryo başlatma hatası\n\tat stepDefinitions.Hooks.beforeScenario(Hooks.java:33)\nCaused by: org.openqa.selenium.SessionNotCreatedException: Could not start a new session. Unable to parse remote response: DeviceBusy \nHost info: host: '192.168.1.13', ip: '2a02:ff0:220:aa06:c5b2:f93:12af:2997%en0'\n\tat org.openqa.selenium.remote.ProtocolHandshake.createSession(ProtocolHandshake.java:126)\n\tat java.base/jdk.internal.reflect.NativeMethodAccessorImpl.invoke0(Native Method)\n\tat java.base/jdk.internal.reflect.NativeMethodAccessorImpl.invoke(NativeMethodAccessorImpl.java:62)\n\tat java.base/jdk.internal.reflect.DelegatingMethodAccessorImpl.invoke(DelegatingMethodAccessorImpl.java:43)\n\tat java.base/java.lang.reflect.Method.invoke(Method.java:566)\n\tat io.appium.java_client.remote.AppiumProtocolHandshake.createSession(AppiumProtocolHandshake.java:133)\n\tat io.appium.java_client.remote.AppiumProtocolHandshake.createSession(AppiumProtocolHandshake.java:102)\n\tat io.appium.java_client.remote.AppiumCommandExecutor.createSession(AppiumCommandExecutor.java:177)\n\tat io.appium.java_client.remote.AppiumCommandExecutor.execute(AppiumCommandExecutor.java:238)\n\tat org.openqa.selenium.remote.RemoteWebDriver.execute(RemoteWebDriver.java:607)\n\tat io.appium.java_client.AppiumDriver.startSession(AppiumDriver.java:268)\n\tat org.openqa.selenium.remote.RemoteWebDriver.<init>(RemoteWebDriver.java:168)\n\tat io.appium.java_client.AppiumDriver.<init>(AppiumDriver.java:90)\n\tat io.appium.java_client.AppiumDriver.<init>(AppiumDriver.java:102)\n\tat io.appium.java_client.ios.IOSDriver.<init>(IOSDriver.java:102)\n\tat com.flick.drivers.DriverFactory.initDriver(DriverFactory.java:78)\n\tat stepDefinitions.Hooks.beforeScenario(Hooks.java:30)\n\tat java.base/jdk.internal.reflect.NativeMethodAccessorImpl.invoke0(Native Method)\n\tat java.base/jdk.internal.reflect.NativeMethodAccessorImpl.invoke(NativeMethodAccessorImpl.java:62)\n\tat java.base/jdk.internal.reflect.DelegatingMethodAccessorImpl.invoke(DelegatingMethodAccessorImpl.java:43)\n\tat java.base/java.lang.reflect.Method.invoke(Method.java:566)\n\tat io.cucumber.java.Invoker.doInvoke(Invoker.java:66)\n\tat io.cucumber.java.Invoker.invoke(Invoker.java:24)\n\tat io.cucumber.java.AbstractGlueDefinition.invokeMethod(AbstractGlueDefinition.java:47)\n\tat io.cucumber.java.JavaHookDefinition.execute(JavaHookDefinition.java:64)\n\tat io.cucumber.core.runner.CoreHookDefinition.execute(CoreHookDefinition.java:46)\n\tat io.cucumber.core.runner.HookDefinitionMatch.runStep(HookDefinitionMatch.java:21)\n\tat io.cucumber.core.runner.ExecutionMode$1.execute(ExecutionMode.java:10)\n\tat io.cucumber.core.runner.TestStep.executeStep(TestStep.java:84)\n\tat io.cucumber.core.runner.TestStep.run(TestStep.java:56)\n\tat io.cucumber.core.runner.TestCase.run(TestCase.java:78)\n\tat io.cucumber.core.runner.Runner.runPickle(Runner.java:75)\n\tat io.cucumber.testng.TestNGCucumberRunner.lambda$runScenario$1(TestNGCucumberRunner.java:132)\n\tat io.cucumber.core.runtime.CucumberExecutionContext.lambda$runTestCase$5(CucumberExecutionContext.java:137)\n\tat io.cucumber.core.runtime.RethrowingThrowableCollector.executeAndThrow(RethrowingThrowableCollector.java:23)\n\tat io.cucumber.core.runtime.CucumberExecutionContext.runTestCase(CucumberExecutionContext.java:137)\n\tat io.cucumber.testng.TestNGCucumberRunner.runScenario(TestNGCucumberRunner.java:129)\n\tat io.cucumber.testng.AbstractTestNGCucumberTests.runScenario(AbstractTestNGCucumberTests.java:35)\n\tat java.base/jdk.internal.reflect.NativeMethodAccessorImpl.invoke0(Native Method)\n\tat java.base/jdk.internal.reflect.NativeMethodAccessorImpl.invoke(NativeMethodAccessorImpl.java:62)\n\tat java.base/jdk.internal.reflect.DelegatingMethodAccessorImpl.invoke(DelegatingMethodAccessorImpl.java:43)\n\tat java.base/java.lang.reflect.Method.invoke(Method.java:566)\n\tat org.testng.internal.invokers.MethodInvocationHelper.invokeMethod(MethodInvocationHelper.java:139)\n\tat org.testng.internal.invokers.TestInvoker.invokeMethod(TestInvoker.java:664)\n\tat org.testng.internal.invokers.TestInvoker.invokeTestMethod(TestInvoker.java:227)\n\tat org.testng.internal.invokers.MethodRunner.runInSequence(MethodRunner.java:50)\n\tat org.testng.internal.invokers.TestInvoker$MethodInvocationAgent.invoke(TestInvoker.java:957)\n\tat org.testng.internal.invokers.TestInvoker.invokeTestMethods(TestInvoker.java:200)\n\tat org.testng.internal.invokers.TestMethodWorker.invokeTestMethods(TestMethodWorker.java:148)\n\tat org.testng.internal.invokers.TestMethodWorker.run(TestMethodWorker.java:128)\n\tat java.base/java.util.ArrayList.forEach(ArrayList.java:1541)\n\tat org.testng.TestRunner.privateRun(TestRunner.java:848)\n\tat org.testng.TestRunner.run(TestRunner.java:621)\n\tat org.testng.SuiteRunner.runTest(SuiteRunner.java:443)\n\tat org.testng.SuiteRunner$SuiteWorker.run(SuiteRunner.java:481)\n\tat org.testng.internal.thread.ThreadUtil.lambda$execute$0(ThreadUtil.java:58)\n\tat java.base/java.util.concurrent.FutureTask.run(FutureTask.java:264)\n\tat java.base/java.util.concurrent.ThreadPoolExecutor.runWorker(ThreadPoolExecutor.java:1128)\n\tat java.base/java.util.concurrent.ThreadPoolExecutor$Worker.run(ThreadPoolExecutor.java:628)\n\tat java.base/java.lang.Thread.run(Thread.java:834)\nCaused by: org.openqa.selenium.json.JsonException: Unable to parse: DeviceBusy\n\tat org.openqa.selenium.json.Json.toType(Json.java:169)\n\tat org.openqa.selenium.json.Json.toType(Json.java:152)\n\tat org.openqa.selenium.remote.ProtocolHandshake.createSession(ProtocolHandshake.java:122)\n\t... 59 more\nCaused by: org.openqa.selenium.json.JsonException: Unable to determine type from: D. Last 1 characters read: D\nBuild info: version: '4.15.0', revision: '1d14b5521b'\nSystem info: os.name: 'Mac OS X', os.arch: 'x86_64', os.version: '13.5.2', java.version: '11.0.15.1'\nDriver info: driver.version: IOSDriver\n\tat org.openqa.selenium.json.JsonInput.peek(JsonInput.java:166)\n\tat org.openqa.selenium.json.JsonTypeCoercer.lambda$buildCoercer$6(JsonTypeCoercer.java:167)\n\tat org.openqa.selenium.json.JsonTypeCoercer.coerce(JsonTypeCoercer.java:146)\n\tat org.openqa.selenium.json.Json.toType(Json.java:206)\n\tat org.openqa.selenium.json.Json.toType(Json.java:167)\n\t... 61 more\n","steps":[],"attachments":[{"uid":"121bd7c0a4082f46","name":"ℹ️ INFO ===== START TEST: TestFlight ile bir uygulamayı indirip aç =====","source":"121bd7c0a4082f46.txt","type":"text/plain","size":66},{"uid":"1c56d79c0ff5a071","name":"ℹ️ INFO Scenario Başlatıldı: TestFlight ile bir uygulamayı indirip aç","source":"1c56d79c0ff5a071.txt","type":"text/plain","size":66},{"uid":"c1a16f8212082008","name":"ℹ️ INFO Env: cloud | Platform: ios | Device Index: 1 | AppKey: Sociable","source":"c1a16f8212082008.txt","type":"text/plain","size":63},{"uid":"227e47ccd43a6438","name":"❌ ERROR Senaryo başlatılamadı: Could not start a new session. Unable to parse remote response: DeviceBusy \nHost info: host: '192.168.1.13', ip: '2a02:ff0:220:aa06:c5b2:f93:12af:2997%en0'","source":"227e47ccd43a6438.txt","type":"text/plain","size":181},{"uid":"ecacf0c0d3e27ae4","name":"ℹ️ INFO Senaryo Tamamlandı: TestFlight ile bir uygulamayı indirip aç => FAILED","source":"ecacf0c0d3e27ae4.txt","type":"text/plain","size":73},{"uid":"eae53dd330d236f3","name":"ℹ️ INFO ===== END TEST: TestFlight ile bir uygulamayı indirip aç =====","source":"eae53dd330d236f3.txt","type":"text/plain","size":64}],"parameters":[],"stepsCount":0,"shouldDisplayMessage":true,"attachmentsCount":6,"hasContent":true,"attachmentStep":false},"afterStages":[{"name":"tearDownClass","time":{"start":1753743142072,"stop":1753743142204,"duration":132},"description":"","status":"passed","steps":[],"attachments":[],"parameters":[],"stepsCount":0,"shouldDisplayMessage":false,"attachmentsCount":0,"hasContent":false,"attachmentStep":false}],"labels":[{"name":"package","value":"com.flick.runners.TestRunner"},{"name":"testClass","value":"com.flick.runners.TestRunner"},{"name":"testMethod","value":"runScenario"},{"name":"parentSuite","value":"Mobile Automation Suite - Cloud iOS Parallel"},{"name":"suite","value":"Cloud iOS Device 2"},{"name":"subSuite","value":"com.flick.runners.TestRunner"},{"name":"host","value":"192.168.1.13"},{"name":"thread","value":"5159@192.168.1.13.TestNG-tests-2(14)"},{"name":"framework","value":"testng"},{"name":"language","value":"java"},{"name":"resultFormat","value":"allure2"}],"parameters":[{"name":"appKey","value":"Sociable"},{"name":"arg0","value":"\"TestFlight ile bir uygulamayı indirip aç\""},{"name":"arg1","value":"\"TestFlight üzerinden uygulama kurulumu ve açılışı\""},{"name":"deviceIndex","value":"1"},{"name":"environment","value":"cloud"},{"name":"platform","value":"ios"}],"links":[],"hidden":false,"retry":false,"extra":{"severity":"normal","retries":[],"categories":[{"name":"Test defects","matchedStatuses":[],"flaky":false}],"history":{"statistic":{"failed":0,"broken":5,"skipped":0,"passed":0,"unknown":0,"total":5},"items":[{"uid":"598b3e7beee83eb0","reportUrl":"../5/index.html#testresult/598b3e7beee83eb0","status":"broken","statusDetails":"Senaryo başlatma hatası","time":{"start":1753743139813,"stop":1753743141958,"duration":2145}},{"uid":"14cb5d3066df6e6","reportUrl":"../4/index.html#testresult/14cb5d3066df6e6","status":"broken","statusDetails":"Senaryo başlatma hatası","time":{"start":1753743139813,"stop":1753743141958,"duration":2145}},{"uid":"aa5d2a8e56ac0e40","reportUrl":"../3/index.html#testresult/aa5d2a8e56ac0e40","status":"broken","statusDetails":"Senaryo başlatma hatası","time":{"start":1753743139813,"stop":1753743141958,"duration":2145}},{"uid":"80833545f47cd7e5","reportUrl":"../2/index.html#testresult/80833545f47cd7e5","status":"broken","statusDetails":"Senaryo başlatma hatası","time":{"start":1753743139813,"stop":1753743141958,"duration":2145}}]},"tags":[]},"source":"65f9ca626e85892.json","parameterValues":["Sociable","\"TestFlight ile bir uygulamayı indirip aç\"","\"TestFlight üzerinden uygulama kurulumu ve açılışı\"","1","cloud","ios"]}